{
  "uid" : "1c8963f71a3268f4",
  "name" : "测试用例名称：坐席新建工单",
  "fullName" : "TestCases.OrderMode.test_order.Testorder#test_order",
  "historyId" : "b5690c29e4f6cc2aac0c8d827887448f",
  "time" : {
    "start" : 1599033337367,
    "stop" : 1599033360826,
    "duration" : 23459
  },
  "status" : "failed",
  "statusMessage" : "AssertionError: assert False\n +  where False = <bound method HomePage.New_workorder of <PageObjects.home_page.HomePage object at 0x0000019F2C21D6A0>>()\n +    where <bound method HomePage.New_workorder of <PageObjects.home_page.HomePage object at 0x0000019F2C21D6A0>> = <PageObjects.home_page.HomePage object at 0x0000019F2C21D6A0>.New_workorder\n +      where <PageObjects.home_page.HomePage object at 0x0000019F2C21D6A0> = HomePage(<selenium.webdriver.chrome.webdriver.WebDriver (session=\"660ec82354f6052caefb8de9b0345d2f\")>)",
  "statusTrace" : "self = <TestCases.OrderMode.test_order.Testorder object at 0x0000019F2C124128>\ninit = (<selenium.webdriver.chrome.webdriver.WebDriver (session=\"660ec82354f6052caefb8de9b0345d2f\")>, <PageObjects.order_page.OrderPage object at 0x0000019F2C21D2E8>)\n\n    @allure.title(\"测试用例名称：坐席新建工单\")\n    def test_order(self,init):\n        init[1].order()\n>       assert (HomePage(init[0]).New_workorder())\nE       assert False\nE        +  where False = <bound method HomePage.New_workorder of <PageObjects.home_page.HomePage object at 0x0000019F2C21D6A0>>()\nE        +    where <bound method HomePage.New_workorder of <PageObjects.home_page.HomePage object at 0x0000019F2C21D6A0>> = <PageObjects.home_page.HomePage object at 0x0000019F2C21D6A0>.New_workorder\nE        +      where <PageObjects.home_page.HomePage object at 0x0000019F2C21D6A0> = HomePage(<selenium.webdriver.chrome.webdriver.WebDriver (session=\"660ec82354f6052caefb8de9b0345d2f\")>)\n\nTestCases\\OrderMode\\test_order.py:20: AssertionError",
  "flaky" : false,
  "newFailed" : false,
  "beforeStages" : [ {
    "name" : "init",
    "time" : {
      "start" : 1599033337366,
      "stop" : 1599033337366,
      "duration" : 0
    },
    "status" : "passed",
    "steps" : [ ],
    "attachments" : [ ],
    "parameters" : [ ],
    "stepsCount" : 0,
    "hasContent" : false,
    "shouldDisplayMessage" : false,
    "attachmentsCount" : 0
  }, {
    "name" : "init_login",
    "time" : {
      "start" : 1599033336802,
      "stop" : 1599033337366,
      "duration" : 564
    },
    "status" : "passed",
    "steps" : [ ],
    "attachments" : [ ],
    "parameters" : [ ],
    "stepsCount" : 0,
    "hasContent" : false,
    "shouldDisplayMessage" : false,
    "attachmentsCount" : 0
  }, {
    "name" : "init_driver",
    "time" : {
      "start" : 1599033323610,
      "stop" : 1599033336802,
      "duration" : 13192
    },
    "status" : "passed",
    "steps" : [ ],
    "attachments" : [ ],
    "parameters" : [ ],
    "stepsCount" : 0,
    "hasContent" : false,
    "shouldDisplayMessage" : false,
    "attachmentsCount" : 0
  } ],
  "testStage" : {
    "status" : "failed",
    "statusMessage" : "AssertionError: assert False\n +  where False = <bound method HomePage.New_workorder of <PageObjects.home_page.HomePage object at 0x0000019F2C21D6A0>>()\n +    where <bound method HomePage.New_workorder of <PageObjects.home_page.HomePage object at 0x0000019F2C21D6A0>> = <PageObjects.home_page.HomePage object at 0x0000019F2C21D6A0>.New_workorder\n +      where <PageObjects.home_page.HomePage object at 0x0000019F2C21D6A0> = HomePage(<selenium.webdriver.chrome.webdriver.WebDriver (session=\"660ec82354f6052caefb8de9b0345d2f\")>)",
    "statusTrace" : "self = <TestCases.OrderMode.test_order.Testorder object at 0x0000019F2C124128>\ninit = (<selenium.webdriver.chrome.webdriver.WebDriver (session=\"660ec82354f6052caefb8de9b0345d2f\")>, <PageObjects.order_page.OrderPage object at 0x0000019F2C21D2E8>)\n\n    @allure.title(\"测试用例名称：坐席新建工单\")\n    def test_order(self,init):\n        init[1].order()\n>       assert (HomePage(init[0]).New_workorder())\nE       assert False\nE        +  where False = <bound method HomePage.New_workorder of <PageObjects.home_page.HomePage object at 0x0000019F2C21D6A0>>()\nE        +    where <bound method HomePage.New_workorder of <PageObjects.home_page.HomePage object at 0x0000019F2C21D6A0>> = <PageObjects.home_page.HomePage object at 0x0000019F2C21D6A0>.New_workorder\nE        +      where <PageObjects.home_page.HomePage object at 0x0000019F2C21D6A0> = HomePage(<selenium.webdriver.chrome.webdriver.WebDriver (session=\"660ec82354f6052caefb8de9b0345d2f\")>)\n\nTestCases\\OrderMode\\test_order.py:20: AssertionError",
    "steps" : [ ],
    "attachments" : [ {
      "uid" : "ebe8fccaeecad7f7",
      "name" : "log",
      "source" : "ebe8fccaeecad7f7.txt",
      "type" : "text/plain",
      "size" : 1199
    } ],
    "parameters" : [ ],
    "stepsCount" : 0,
    "hasContent" : true,
    "shouldDisplayMessage" : true,
    "attachmentsCount" : 1
  },
  "afterStages" : [ {
    "name" : "init::0",
    "time" : {
      "start" : 1599033360840,
      "stop" : 1599033360840,
      "duration" : 0
    },
    "status" : "passed",
    "steps" : [ ],
    "attachments" : [ ],
    "parameters" : [ ],
    "stepsCount" : 0,
    "hasContent" : false,
    "shouldDisplayMessage" : false,
    "attachmentsCount" : 0
  }, {
    "name" : "init_login::0",
    "time" : {
      "start" : 1599033360843,
      "stop" : 1599033363676,
      "duration" : 2833
    },
    "status" : "passed",
    "steps" : [ ],
    "attachments" : [ ],
    "parameters" : [ ],
    "stepsCount" : 0,
    "hasContent" : false,
    "shouldDisplayMessage" : false,
    "attachmentsCount" : 0
  }, {
    "name" : "init_driver::0",
    "time" : {
      "start" : 1599033363680,
      "stop" : 1599033371978,
      "duration" : 8298
    },
    "status" : "passed",
    "steps" : [ ],
    "attachments" : [ ],
    "parameters" : [ ],
    "stepsCount" : 0,
    "hasContent" : false,
    "shouldDisplayMessage" : false,
    "attachmentsCount" : 0
  } ],
  "labels" : [ {
    "name" : "feature",
    "value" : "工单中心模块"
  }, {
    "name" : "story",
    "value" : "测试用例小模块-工单案例"
  }, {
    "name" : "tag",
    "value" : "@pytest.mark.usefixtures('init')"
  }, {
    "name" : "parentSuite",
    "value" : "TestCases.OrderMode"
  }, {
    "name" : "suite",
    "value" : "test_order"
  }, {
    "name" : "subSuite",
    "value" : "Testorder"
  }, {
    "name" : "host",
    "value" : "DESKTOP-4K88UKG"
  }, {
    "name" : "thread",
    "value" : "16068-MainThread"
  }, {
    "name" : "framework",
    "value" : "pytest"
  }, {
    "name" : "language",
    "value" : "cpython3"
  }, {
    "name" : "package",
    "value" : "TestCases.OrderMode.test_order"
  }, {
    "name" : "resultFormat",
    "value" : "allure2"
  } ],
  "parameters" : [ ],
  "links" : [ ],
  "hidden" : true,
  "retry" : true,
  "extra" : {
    "categories" : [ ],
    "tags" : [ "@pytest.mark.usefixtures('init')" ]
  },
  "source" : "1c8963f71a3268f4.json",
  "parameterValues" : [ ]
}