{
  "uid" : "2657f6aed74e5dbe",
  "name" : "test_order",
  "fullName" : "TestCases.OrderMode.test_order.Testorder#test_order",
  "historyId" : "b5690c29e4f6cc2aac0c8d827887448f",
  "time" : {
    "start" : 1598864647634,
    "stop" : 1598864667440,
    "duration" : 19806
  },
  "status" : "failed",
  "statusMessage" : "AssertionError: assert False\n +  where False = <bound method HomePage.New_workorder of <PageObjects.home_page.HomePage object at 0x0000021C6429C470>>()\n +    where <bound method HomePage.New_workorder of <PageObjects.home_page.HomePage object at 0x0000021C6429C470>> = <PageObjects.home_page.HomePage object at 0x0000021C6429C470>.New_workorder\n +      where <PageObjects.home_page.HomePage object at 0x0000021C6429C470> = HomePage(<selenium.webdriver.chrome.webdriver.WebDriver (session=\"7695eaa08384fe5f2f3dc0ed0232a9ef\")>)",
  "statusTrace" : "self = <TestCases.OrderMode.test_order.Testorder object at 0x0000021C64212208>\ninit = (<selenium.webdriver.chrome.webdriver.WebDriver (session=\"7695eaa08384fe5f2f3dc0ed0232a9ef\")>, <PageObjects.order_page.OrderPage object at 0x0000021C64288FD0>)\n\n    def test_order(self,init):\n        init[1].order()\n>       assert (HomePage(init[0]).New_workorder())\nE       assert False\nE        +  where False = <bound method HomePage.New_workorder of <PageObjects.home_page.HomePage object at 0x0000021C6429C470>>()\nE        +    where <bound method HomePage.New_workorder of <PageObjects.home_page.HomePage object at 0x0000021C6429C470>> = <PageObjects.home_page.HomePage object at 0x0000021C6429C470>.New_workorder\nE        +      where <PageObjects.home_page.HomePage object at 0x0000021C6429C470> = HomePage(<selenium.webdriver.chrome.webdriver.WebDriver (session=\"7695eaa08384fe5f2f3dc0ed0232a9ef\")>)\n\nTestCases\\OrderMode\\test_order.py:18: AssertionError",
  "flaky" : false,
  "newFailed" : false,
  "beforeStages" : [ {
    "name" : "init",
    "time" : {
      "start" : 1598864647633,
      "stop" : 1598864647633,
      "duration" : 0
    },
    "status" : "passed",
    "steps" : [ ],
    "attachments" : [ ],
    "parameters" : [ ],
    "stepsCount" : 0,
    "hasContent" : false,
    "shouldDisplayMessage" : false,
    "attachmentsCount" : 0
  }, {
    "name" : "init_login",
    "time" : {
      "start" : 1598864646641,
      "stop" : 1598864647633,
      "duration" : 992
    },
    "status" : "passed",
    "steps" : [ ],
    "attachments" : [ ],
    "parameters" : [ ],
    "stepsCount" : 0,
    "hasContent" : false,
    "shouldDisplayMessage" : false,
    "attachmentsCount" : 0
  }, {
    "name" : "init_driver",
    "time" : {
      "start" : 1598864637267,
      "stop" : 1598864646640,
      "duration" : 9373
    },
    "status" : "passed",
    "steps" : [ ],
    "attachments" : [ ],
    "parameters" : [ ],
    "stepsCount" : 0,
    "hasContent" : false,
    "shouldDisplayMessage" : false,
    "attachmentsCount" : 0
  } ],
  "testStage" : {
    "status" : "failed",
    "statusMessage" : "AssertionError: assert False\n +  where False = <bound method HomePage.New_workorder of <PageObjects.home_page.HomePage object at 0x0000021C6429C470>>()\n +    where <bound method HomePage.New_workorder of <PageObjects.home_page.HomePage object at 0x0000021C6429C470>> = <PageObjects.home_page.HomePage object at 0x0000021C6429C470>.New_workorder\n +      where <PageObjects.home_page.HomePage object at 0x0000021C6429C470> = HomePage(<selenium.webdriver.chrome.webdriver.WebDriver (session=\"7695eaa08384fe5f2f3dc0ed0232a9ef\")>)",
    "statusTrace" : "self = <TestCases.OrderMode.test_order.Testorder object at 0x0000021C64212208>\ninit = (<selenium.webdriver.chrome.webdriver.WebDriver (session=\"7695eaa08384fe5f2f3dc0ed0232a9ef\")>, <PageObjects.order_page.OrderPage object at 0x0000021C64288FD0>)\n\n    def test_order(self,init):\n        init[1].order()\n>       assert (HomePage(init[0]).New_workorder())\nE       assert False\nE        +  where False = <bound method HomePage.New_workorder of <PageObjects.home_page.HomePage object at 0x0000021C6429C470>>()\nE        +    where <bound method HomePage.New_workorder of <PageObjects.home_page.HomePage object at 0x0000021C6429C470>> = <PageObjects.home_page.HomePage object at 0x0000021C6429C470>.New_workorder\nE        +      where <PageObjects.home_page.HomePage object at 0x0000021C6429C470> = HomePage(<selenium.webdriver.chrome.webdriver.WebDriver (session=\"7695eaa08384fe5f2f3dc0ed0232a9ef\")>)\n\nTestCases\\OrderMode\\test_order.py:18: AssertionError",
    "steps" : [ ],
    "attachments" : [ {
      "uid" : "b26707a5e772c34f",
      "name" : "log",
      "source" : "b26707a5e772c34f.txt",
      "type" : "text/plain",
      "size" : 1199
    } ],
    "parameters" : [ ],
    "stepsCount" : 0,
    "hasContent" : true,
    "shouldDisplayMessage" : true,
    "attachmentsCount" : 1
  },
  "afterStages" : [ {
    "name" : "init::0",
    "time" : {
      "start" : 1598864667567,
      "stop" : 1598864667567,
      "duration" : 0
    },
    "status" : "passed",
    "steps" : [ ],
    "attachments" : [ ],
    "parameters" : [ ],
    "stepsCount" : 0,
    "hasContent" : false,
    "shouldDisplayMessage" : false,
    "attachmentsCount" : 0
  }, {
    "name" : "init_login::0",
    "time" : {
      "start" : 1598864667570,
      "stop" : 1598864669997,
      "duration" : 2427
    },
    "status" : "passed",
    "steps" : [ ],
    "attachments" : [ ],
    "parameters" : [ ],
    "stepsCount" : 0,
    "hasContent" : false,
    "shouldDisplayMessage" : false,
    "attachmentsCount" : 0
  }, {
    "name" : "init_driver::0",
    "time" : {
      "start" : 1598864669999,
      "stop" : 1598864678112,
      "duration" : 8113
    },
    "status" : "passed",
    "steps" : [ ],
    "attachments" : [ ],
    "parameters" : [ ],
    "stepsCount" : 0,
    "hasContent" : false,
    "shouldDisplayMessage" : false,
    "attachmentsCount" : 0
  } ],
  "labels" : [ {
    "name" : "tag",
    "value" : "@pytest.mark.usefixtures('init')"
  }, {
    "name" : "parentSuite",
    "value" : "TestCases.OrderMode"
  }, {
    "name" : "suite",
    "value" : "test_order"
  }, {
    "name" : "subSuite",
    "value" : "Testorder"
  }, {
    "name" : "host",
    "value" : "DESKTOP-4K88UKG"
  }, {
    "name" : "thread",
    "value" : "15268-MainThread"
  }, {
    "name" : "framework",
    "value" : "pytest"
  }, {
    "name" : "language",
    "value" : "cpython3"
  }, {
    "name" : "package",
    "value" : "TestCases.OrderMode.test_order"
  }, {
    "name" : "resultFormat",
    "value" : "allure2"
  } ],
  "parameters" : [ ],
  "links" : [ ],
  "hidden" : true,
  "retry" : true,
  "extra" : {
    "categories" : [ ],
    "tags" : [ "@pytest.mark.usefixtures('init')" ]
  },
  "source" : "2657f6aed74e5dbe.json",
  "parameterValues" : [ ]
}