{
  "uid" : "3461a0a6615a1450",
  "name" : "测试用例名称：坐席新建工单",
  "fullName" : "TestCases.OrderMode.test_order.Testorder#test_order",
  "historyId" : "b5690c29e4f6cc2aac0c8d827887448f",
  "time" : {
    "start" : 1599035112710,
    "stop" : 1599035132108,
    "duration" : 19398
  },
  "status" : "failed",
  "statusMessage" : "AssertionError: assert False\n +  where False = <bound method HomePage.New_workorder of <PageObjects.home_page.HomePage object at 0x0000025938515C50>>()\n +    where <bound method HomePage.New_workorder of <PageObjects.home_page.HomePage object at 0x0000025938515C50>> = <PageObjects.home_page.HomePage object at 0x0000025938515C50>.New_workorder\n +      where <PageObjects.home_page.HomePage object at 0x0000025938515C50> = HomePage(<selenium.webdriver.chrome.webdriver.WebDriver (session=\"0dbad4d5384583fbf39570c3c749216f\")>)",
  "statusTrace" : "self = <TestCases.OrderMode.test_order.Testorder object at 0x0000025938458160>\ninit = (<selenium.webdriver.chrome.webdriver.WebDriver (session=\"0dbad4d5384583fbf39570c3c749216f\")>, <PageObjects.order_page.OrderPage object at 0x0000025938515AC8>)\n\n    @allure.title(\"测试用例名称：坐席新建工单\")\n    def test_order(self,init):\n        init[1].order()\n>       assert (HomePage(init[0]).New_workorder())\nE       assert False\nE        +  where False = <bound method HomePage.New_workorder of <PageObjects.home_page.HomePage object at 0x0000025938515C50>>()\nE        +    where <bound method HomePage.New_workorder of <PageObjects.home_page.HomePage object at 0x0000025938515C50>> = <PageObjects.home_page.HomePage object at 0x0000025938515C50>.New_workorder\nE        +      where <PageObjects.home_page.HomePage object at 0x0000025938515C50> = HomePage(<selenium.webdriver.chrome.webdriver.WebDriver (session=\"0dbad4d5384583fbf39570c3c749216f\")>)\n\nTestCases\\OrderMode\\test_order.py:20: AssertionError",
  "flaky" : false,
  "newFailed" : false,
  "beforeStages" : [ {
    "name" : "init_login",
    "time" : {
      "start" : 1599035111942,
      "stop" : 1599035112709,
      "duration" : 767
    },
    "status" : "passed",
    "steps" : [ ],
    "attachments" : [ ],
    "parameters" : [ ],
    "stepsCount" : 0,
    "hasContent" : false,
    "shouldDisplayMessage" : false,
    "attachmentsCount" : 0
  }, {
    "name" : "init",
    "time" : {
      "start" : 1599035112709,
      "stop" : 1599035112709,
      "duration" : 0
    },
    "status" : "passed",
    "steps" : [ ],
    "attachments" : [ ],
    "parameters" : [ ],
    "stepsCount" : 0,
    "hasContent" : false,
    "shouldDisplayMessage" : false,
    "attachmentsCount" : 0
  }, {
    "name" : "init_driver",
    "time" : {
      "start" : 1599035100160,
      "stop" : 1599035111942,
      "duration" : 11782
    },
    "status" : "passed",
    "steps" : [ ],
    "attachments" : [ ],
    "parameters" : [ ],
    "stepsCount" : 0,
    "hasContent" : false,
    "shouldDisplayMessage" : false,
    "attachmentsCount" : 0
  } ],
  "testStage" : {
    "status" : "failed",
    "statusMessage" : "AssertionError: assert False\n +  where False = <bound method HomePage.New_workorder of <PageObjects.home_page.HomePage object at 0x0000025938515C50>>()\n +    where <bound method HomePage.New_workorder of <PageObjects.home_page.HomePage object at 0x0000025938515C50>> = <PageObjects.home_page.HomePage object at 0x0000025938515C50>.New_workorder\n +      where <PageObjects.home_page.HomePage object at 0x0000025938515C50> = HomePage(<selenium.webdriver.chrome.webdriver.WebDriver (session=\"0dbad4d5384583fbf39570c3c749216f\")>)",
    "statusTrace" : "self = <TestCases.OrderMode.test_order.Testorder object at 0x0000025938458160>\ninit = (<selenium.webdriver.chrome.webdriver.WebDriver (session=\"0dbad4d5384583fbf39570c3c749216f\")>, <PageObjects.order_page.OrderPage object at 0x0000025938515AC8>)\n\n    @allure.title(\"测试用例名称：坐席新建工单\")\n    def test_order(self,init):\n        init[1].order()\n>       assert (HomePage(init[0]).New_workorder())\nE       assert False\nE        +  where False = <bound method HomePage.New_workorder of <PageObjects.home_page.HomePage object at 0x0000025938515C50>>()\nE        +    where <bound method HomePage.New_workorder of <PageObjects.home_page.HomePage object at 0x0000025938515C50>> = <PageObjects.home_page.HomePage object at 0x0000025938515C50>.New_workorder\nE        +      where <PageObjects.home_page.HomePage object at 0x0000025938515C50> = HomePage(<selenium.webdriver.chrome.webdriver.WebDriver (session=\"0dbad4d5384583fbf39570c3c749216f\")>)\n\nTestCases\\OrderMode\\test_order.py:20: AssertionError",
    "steps" : [ ],
    "attachments" : [ {
      "uid" : "7db818f9e4633c87",
      "name" : "log",
      "source" : "7db818f9e4633c87.txt",
      "type" : "text/plain",
      "size" : 1199
    } ],
    "parameters" : [ ],
    "stepsCount" : 0,
    "hasContent" : true,
    "shouldDisplayMessage" : true,
    "attachmentsCount" : 1
  },
  "afterStages" : [ {
    "name" : "init_login::0",
    "time" : {
      "start" : 1599035132211,
      "stop" : 1599035135228,
      "duration" : 3017
    },
    "status" : "passed",
    "steps" : [ ],
    "attachments" : [ ],
    "parameters" : [ ],
    "stepsCount" : 0,
    "hasContent" : false,
    "shouldDisplayMessage" : false,
    "attachmentsCount" : 0
  }, {
    "name" : "init::0",
    "time" : {
      "start" : 1599035132208,
      "stop" : 1599035132209,
      "duration" : 1
    },
    "status" : "passed",
    "steps" : [ ],
    "attachments" : [ ],
    "parameters" : [ ],
    "stepsCount" : 0,
    "hasContent" : false,
    "shouldDisplayMessage" : false,
    "attachmentsCount" : 0
  }, {
    "name" : "init_driver::0",
    "time" : {
      "start" : 1599035135231,
      "stop" : 1599035143347,
      "duration" : 8116
    },
    "status" : "passed",
    "steps" : [ ],
    "attachments" : [ ],
    "parameters" : [ ],
    "stepsCount" : 0,
    "hasContent" : false,
    "shouldDisplayMessage" : false,
    "attachmentsCount" : 0
  } ],
  "labels" : [ {
    "name" : "story",
    "value" : "测试用例小模块-工单案例"
  }, {
    "name" : "feature",
    "value" : "工单中心模块"
  }, {
    "name" : "tag",
    "value" : "@pytest.mark.usefixtures('init')"
  }, {
    "name" : "parentSuite",
    "value" : "TestCases.OrderMode"
  }, {
    "name" : "suite",
    "value" : "test_order"
  }, {
    "name" : "subSuite",
    "value" : "Testorder"
  }, {
    "name" : "host",
    "value" : "DESKTOP-4K88UKG"
  }, {
    "name" : "thread",
    "value" : "4980-MainThread"
  }, {
    "name" : "framework",
    "value" : "pytest"
  }, {
    "name" : "language",
    "value" : "cpython3"
  }, {
    "name" : "package",
    "value" : "TestCases.OrderMode.test_order"
  }, {
    "name" : "resultFormat",
    "value" : "allure2"
  } ],
  "parameters" : [ ],
  "links" : [ ],
  "hidden" : true,
  "retry" : true,
  "extra" : {
    "categories" : [ ],
    "tags" : [ "@pytest.mark.usefixtures('init')" ]
  },
  "source" : "3461a0a6615a1450.json",
  "parameterValues" : [ ]
}