{
  "uid" : "389c66ec39d86d87",
  "name" : "test_order",
  "fullName" : "TestCases.OrderMode.test_order.Testorder#test_order",
  "historyId" : "b5690c29e4f6cc2aac0c8d827887448f",
  "time" : {
    "start" : 1598860976622,
    "stop" : 1598860995959,
    "duration" : 19337
  },
  "status" : "failed",
  "statusMessage" : "AssertionError: assert False\n +  where False = <bound method HomePage.New_workorder of <PageObjects.home_page.HomePage object at 0x0000023C5C358710>>()\n +    where <bound method HomePage.New_workorder of <PageObjects.home_page.HomePage object at 0x0000023C5C358710>> = <PageObjects.home_page.HomePage object at 0x0000023C5C358710>.New_workorder\n +      where <PageObjects.home_page.HomePage object at 0x0000023C5C358710> = HomePage(<selenium.webdriver.chrome.webdriver.WebDriver (session=\"46a8aa46e8644c29e714085236a45fba\")>)",
  "statusTrace" : "self = <TestCases.OrderMode.test_order.Testorder object at 0x0000023C5C354FD0>\ninit = (<selenium.webdriver.chrome.webdriver.WebDriver (session=\"46a8aa46e8644c29e714085236a45fba\")>, <PageObjects.order_page.OrderPage object at 0x0000023C5C3585C0>)\n\n    def test_order(self,init):\n        init[1].order()\n>       assert (HomePage(init[0]).New_workorder())\nE       assert False\nE        +  where False = <bound method HomePage.New_workorder of <PageObjects.home_page.HomePage object at 0x0000023C5C358710>>()\nE        +    where <bound method HomePage.New_workorder of <PageObjects.home_page.HomePage object at 0x0000023C5C358710>> = <PageObjects.home_page.HomePage object at 0x0000023C5C358710>.New_workorder\nE        +      where <PageObjects.home_page.HomePage object at 0x0000023C5C358710> = HomePage(<selenium.webdriver.chrome.webdriver.WebDriver (session=\"46a8aa46e8644c29e714085236a45fba\")>)\n\nTestCases\\OrderMode\\test_order.py:18: AssertionError",
  "flaky" : false,
  "newFailed" : false,
  "beforeStages" : [ {
    "name" : "init_login",
    "time" : {
      "start" : 1598860975940,
      "stop" : 1598860976620,
      "duration" : 680
    },
    "status" : "passed",
    "steps" : [ ],
    "attachments" : [ ],
    "parameters" : [ ],
    "stepsCount" : 0,
    "hasContent" : false,
    "shouldDisplayMessage" : false,
    "attachmentsCount" : 0
  }, {
    "name" : "init_driver",
    "time" : {
      "start" : 1598860967406,
      "stop" : 1598860975940,
      "duration" : 8534
    },
    "status" : "passed",
    "steps" : [ ],
    "attachments" : [ ],
    "parameters" : [ ],
    "stepsCount" : 0,
    "hasContent" : false,
    "shouldDisplayMessage" : false,
    "attachmentsCount" : 0
  }, {
    "name" : "init",
    "time" : {
      "start" : 1598860976621,
      "stop" : 1598860976621,
      "duration" : 0
    },
    "status" : "passed",
    "steps" : [ ],
    "attachments" : [ ],
    "parameters" : [ ],
    "stepsCount" : 0,
    "hasContent" : false,
    "shouldDisplayMessage" : false,
    "attachmentsCount" : 0
  } ],
  "testStage" : {
    "status" : "failed",
    "statusMessage" : "AssertionError: assert False\n +  where False = <bound method HomePage.New_workorder of <PageObjects.home_page.HomePage object at 0x0000023C5C358710>>()\n +    where <bound method HomePage.New_workorder of <PageObjects.home_page.HomePage object at 0x0000023C5C358710>> = <PageObjects.home_page.HomePage object at 0x0000023C5C358710>.New_workorder\n +      where <PageObjects.home_page.HomePage object at 0x0000023C5C358710> = HomePage(<selenium.webdriver.chrome.webdriver.WebDriver (session=\"46a8aa46e8644c29e714085236a45fba\")>)",
    "statusTrace" : "self = <TestCases.OrderMode.test_order.Testorder object at 0x0000023C5C354FD0>\ninit = (<selenium.webdriver.chrome.webdriver.WebDriver (session=\"46a8aa46e8644c29e714085236a45fba\")>, <PageObjects.order_page.OrderPage object at 0x0000023C5C3585C0>)\n\n    def test_order(self,init):\n        init[1].order()\n>       assert (HomePage(init[0]).New_workorder())\nE       assert False\nE        +  where False = <bound method HomePage.New_workorder of <PageObjects.home_page.HomePage object at 0x0000023C5C358710>>()\nE        +    where <bound method HomePage.New_workorder of <PageObjects.home_page.HomePage object at 0x0000023C5C358710>> = <PageObjects.home_page.HomePage object at 0x0000023C5C358710>.New_workorder\nE        +      where <PageObjects.home_page.HomePage object at 0x0000023C5C358710> = HomePage(<selenium.webdriver.chrome.webdriver.WebDriver (session=\"46a8aa46e8644c29e714085236a45fba\")>)\n\nTestCases\\OrderMode\\test_order.py:18: AssertionError",
    "steps" : [ ],
    "attachments" : [ {
      "uid" : "19b4ebc2cea33a31",
      "name" : "log",
      "source" : "19b4ebc2cea33a31.txt",
      "type" : "text/plain",
      "size" : 1199
    } ],
    "parameters" : [ ],
    "stepsCount" : 0,
    "hasContent" : true,
    "shouldDisplayMessage" : true,
    "attachmentsCount" : 1
  },
  "afterStages" : [ {
    "name" : "init_login::0",
    "time" : {
      "start" : 1598860996163,
      "stop" : 1598860999861,
      "duration" : 3698
    },
    "status" : "passed",
    "steps" : [ ],
    "attachments" : [ ],
    "parameters" : [ ],
    "stepsCount" : 0,
    "hasContent" : false,
    "shouldDisplayMessage" : false,
    "attachmentsCount" : 0
  }, {
    "name" : "init_driver::0",
    "time" : {
      "start" : 1598860999864,
      "stop" : 1598861007948,
      "duration" : 8084
    },
    "status" : "passed",
    "steps" : [ ],
    "attachments" : [ ],
    "parameters" : [ ],
    "stepsCount" : 0,
    "hasContent" : false,
    "shouldDisplayMessage" : false,
    "attachmentsCount" : 0
  }, {
    "name" : "init::0",
    "time" : {
      "start" : 1598860996146,
      "stop" : 1598860996146,
      "duration" : 0
    },
    "status" : "passed",
    "steps" : [ ],
    "attachments" : [ ],
    "parameters" : [ ],
    "stepsCount" : 0,
    "hasContent" : false,
    "shouldDisplayMessage" : false,
    "attachmentsCount" : 0
  } ],
  "labels" : [ {
    "name" : "tag",
    "value" : "@pytest.mark.usefixtures('init')"
  }, {
    "name" : "parentSuite",
    "value" : "TestCases.OrderMode"
  }, {
    "name" : "suite",
    "value" : "test_order"
  }, {
    "name" : "subSuite",
    "value" : "Testorder"
  }, {
    "name" : "host",
    "value" : "DESKTOP-4K88UKG"
  }, {
    "name" : "thread",
    "value" : "16784-MainThread"
  }, {
    "name" : "framework",
    "value" : "pytest"
  }, {
    "name" : "language",
    "value" : "cpython3"
  }, {
    "name" : "package",
    "value" : "TestCases.OrderMode.test_order"
  }, {
    "name" : "resultFormat",
    "value" : "allure2"
  } ],
  "parameters" : [ ],
  "links" : [ ],
  "hidden" : true,
  "retry" : true,
  "extra" : {
    "categories" : [ ],
    "tags" : [ "@pytest.mark.usefixtures('init')" ]
  },
  "source" : "389c66ec39d86d87.json",
  "parameterValues" : [ ]
}