{
  "uid" : "413b81ea597c74cc",
  "name" : "测试用例名称：坐席新建工单",
  "fullName" : "TestCases.OrderMode.test_order.Testorder#test_order",
  "historyId" : "b5690c29e4f6cc2aac0c8d827887448f",
  "time" : {
    "start" : 1599028441207,
    "stop" : 1599028465242,
    "duration" : 24035
  },
  "status" : "failed",
  "statusMessage" : "AssertionError: assert False\n +  where False = <bound method HomePage.New_workorder of <PageObjects.home_page.HomePage object at 0x000001D7FF0EDF28>>()\n +    where <bound method HomePage.New_workorder of <PageObjects.home_page.HomePage object at 0x000001D7FF0EDF28>> = <PageObjects.home_page.HomePage object at 0x000001D7FF0EDF28>.New_workorder\n +      where <PageObjects.home_page.HomePage object at 0x000001D7FF0EDF28> = HomePage(<selenium.webdriver.chrome.webdriver.WebDriver (session=\"9e44881c7fb5fca320d226c5045170d0\")>)",
  "statusTrace" : "self = <TestCases.OrderMode.test_order.Testorder object at 0x000001D7FD812470>\ninit = (<selenium.webdriver.chrome.webdriver.WebDriver (session=\"9e44881c7fb5fca320d226c5045170d0\")>, <PageObjects.order_page.OrderPage object at 0x000001D7FF0EDEB8>)\n\n    @allure.title(\"测试用例名称：坐席新建工单\")\n    def test_order(self,init):\n        init[1].order()\n>       assert (HomePage(init[0]).New_workorder())\nE       assert False\nE        +  where False = <bound method HomePage.New_workorder of <PageObjects.home_page.HomePage object at 0x000001D7FF0EDF28>>()\nE        +    where <bound method HomePage.New_workorder of <PageObjects.home_page.HomePage object at 0x000001D7FF0EDF28>> = <PageObjects.home_page.HomePage object at 0x000001D7FF0EDF28>.New_workorder\nE        +      where <PageObjects.home_page.HomePage object at 0x000001D7FF0EDF28> = HomePage(<selenium.webdriver.chrome.webdriver.WebDriver (session=\"9e44881c7fb5fca320d226c5045170d0\")>)\n\nTestCases\\OrderMode\\test_order.py:20: AssertionError",
  "flaky" : false,
  "newFailed" : false,
  "beforeStages" : [ {
    "name" : "init_login",
    "time" : {
      "start" : 1599028439926,
      "stop" : 1599028441206,
      "duration" : 1280
    },
    "status" : "passed",
    "steps" : [ ],
    "attachments" : [ ],
    "parameters" : [ ],
    "stepsCount" : 0,
    "hasContent" : false,
    "shouldDisplayMessage" : false,
    "attachmentsCount" : 0
  }, {
    "name" : "init",
    "time" : {
      "start" : 1599028441206,
      "stop" : 1599028441206,
      "duration" : 0
    },
    "status" : "passed",
    "steps" : [ ],
    "attachments" : [ ],
    "parameters" : [ ],
    "stepsCount" : 0,
    "hasContent" : false,
    "shouldDisplayMessage" : false,
    "attachmentsCount" : 0
  }, {
    "name" : "init_driver",
    "time" : {
      "start" : 1599028425231,
      "stop" : 1599028439926,
      "duration" : 14695
    },
    "status" : "passed",
    "steps" : [ ],
    "attachments" : [ ],
    "parameters" : [ ],
    "stepsCount" : 0,
    "hasContent" : false,
    "shouldDisplayMessage" : false,
    "attachmentsCount" : 0
  } ],
  "testStage" : {
    "status" : "failed",
    "statusMessage" : "AssertionError: assert False\n +  where False = <bound method HomePage.New_workorder of <PageObjects.home_page.HomePage object at 0x000001D7FF0EDF28>>()\n +    where <bound method HomePage.New_workorder of <PageObjects.home_page.HomePage object at 0x000001D7FF0EDF28>> = <PageObjects.home_page.HomePage object at 0x000001D7FF0EDF28>.New_workorder\n +      where <PageObjects.home_page.HomePage object at 0x000001D7FF0EDF28> = HomePage(<selenium.webdriver.chrome.webdriver.WebDriver (session=\"9e44881c7fb5fca320d226c5045170d0\")>)",
    "statusTrace" : "self = <TestCases.OrderMode.test_order.Testorder object at 0x000001D7FD812470>\ninit = (<selenium.webdriver.chrome.webdriver.WebDriver (session=\"9e44881c7fb5fca320d226c5045170d0\")>, <PageObjects.order_page.OrderPage object at 0x000001D7FF0EDEB8>)\n\n    @allure.title(\"测试用例名称：坐席新建工单\")\n    def test_order(self,init):\n        init[1].order()\n>       assert (HomePage(init[0]).New_workorder())\nE       assert False\nE        +  where False = <bound method HomePage.New_workorder of <PageObjects.home_page.HomePage object at 0x000001D7FF0EDF28>>()\nE        +    where <bound method HomePage.New_workorder of <PageObjects.home_page.HomePage object at 0x000001D7FF0EDF28>> = <PageObjects.home_page.HomePage object at 0x000001D7FF0EDF28>.New_workorder\nE        +      where <PageObjects.home_page.HomePage object at 0x000001D7FF0EDF28> = HomePage(<selenium.webdriver.chrome.webdriver.WebDriver (session=\"9e44881c7fb5fca320d226c5045170d0\")>)\n\nTestCases\\OrderMode\\test_order.py:20: AssertionError",
    "steps" : [ ],
    "attachments" : [ {
      "uid" : "f7a7ad37be60b052",
      "name" : "log",
      "source" : "f7a7ad37be60b052.txt",
      "type" : "text/plain",
      "size" : 1199
    } ],
    "parameters" : [ ],
    "stepsCount" : 0,
    "hasContent" : true,
    "shouldDisplayMessage" : true,
    "attachmentsCount" : 1
  },
  "afterStages" : [ {
    "name" : "init_login::0",
    "time" : {
      "start" : 1599028465399,
      "stop" : 1599028469235,
      "duration" : 3836
    },
    "status" : "passed",
    "steps" : [ ],
    "attachments" : [ ],
    "parameters" : [ ],
    "stepsCount" : 0,
    "hasContent" : false,
    "shouldDisplayMessage" : false,
    "attachmentsCount" : 0
  }, {
    "name" : "init::0",
    "time" : {
      "start" : 1599028465394,
      "stop" : 1599028465394,
      "duration" : 0
    },
    "status" : "passed",
    "steps" : [ ],
    "attachments" : [ ],
    "parameters" : [ ],
    "stepsCount" : 0,
    "hasContent" : false,
    "shouldDisplayMessage" : false,
    "attachmentsCount" : 0
  }, {
    "name" : "init_driver::0",
    "time" : {
      "start" : 1599028469237,
      "stop" : 1599028477395,
      "duration" : 8158
    },
    "status" : "passed",
    "steps" : [ ],
    "attachments" : [ ],
    "parameters" : [ ],
    "stepsCount" : 0,
    "hasContent" : false,
    "shouldDisplayMessage" : false,
    "attachmentsCount" : 0
  } ],
  "labels" : [ {
    "name" : "story",
    "value" : "测试用例小模块-工单案例"
  }, {
    "name" : "feature",
    "value" : "工单中心模块"
  }, {
    "name" : "tag",
    "value" : "@pytest.mark.usefixtures('init')"
  }, {
    "name" : "parentSuite",
    "value" : "TestCases.OrderMode"
  }, {
    "name" : "suite",
    "value" : "test_order"
  }, {
    "name" : "subSuite",
    "value" : "Testorder"
  }, {
    "name" : "host",
    "value" : "DESKTOP-4K88UKG"
  }, {
    "name" : "thread",
    "value" : "6780-MainThread"
  }, {
    "name" : "framework",
    "value" : "pytest"
  }, {
    "name" : "language",
    "value" : "cpython3"
  }, {
    "name" : "package",
    "value" : "TestCases.OrderMode.test_order"
  }, {
    "name" : "resultFormat",
    "value" : "allure2"
  } ],
  "parameters" : [ ],
  "links" : [ ],
  "hidden" : true,
  "retry" : true,
  "extra" : {
    "categories" : [ ],
    "tags" : [ "@pytest.mark.usefixtures('init')" ]
  },
  "source" : "413b81ea597c74cc.json",
  "parameterValues" : [ ]
}