{
  "uid" : "454be56e36621d2d",
  "name" : "测试用例名称：坐席新建工单",
  "fullName" : "TestCases.OrderMode.test_order.Testorder#test_order",
  "historyId" : "b5690c29e4f6cc2aac0c8d827887448f",
  "time" : {
    "start" : 1599018428138,
    "stop" : 1599018449821,
    "duration" : 21683
  },
  "status" : "failed",
  "statusMessage" : "AssertionError: assert False\n +  where False = <bound method HomePage.New_workorder of <PageObjects.home_page.HomePage object at 0x000001D75AC8C2E8>>()\n +    where <bound method HomePage.New_workorder of <PageObjects.home_page.HomePage object at 0x000001D75AC8C2E8>> = <PageObjects.home_page.HomePage object at 0x000001D75AC8C2E8>.New_workorder\n +      where <PageObjects.home_page.HomePage object at 0x000001D75AC8C2E8> = HomePage(<selenium.webdriver.chrome.webdriver.WebDriver (session=\"65bf35259dda3d93c1d889272c740c5d\")>)",
  "statusTrace" : "self = <TestCases.OrderMode.test_order.Testorder object at 0x000001D75A37C048>\ninit = (<selenium.webdriver.chrome.webdriver.WebDriver (session=\"65bf35259dda3d93c1d889272c740c5d\")>, <PageObjects.order_page.OrderPage object at 0x000001D75AC8C0F0>)\n\n    @allure.title(\"测试用例名称：坐席新建工单\")\n    def test_order(self,init):\n        init[1].order()\n>       assert (HomePage(init[0]).New_workorder())\nE       assert False\nE        +  where False = <bound method HomePage.New_workorder of <PageObjects.home_page.HomePage object at 0x000001D75AC8C2E8>>()\nE        +    where <bound method HomePage.New_workorder of <PageObjects.home_page.HomePage object at 0x000001D75AC8C2E8>> = <PageObjects.home_page.HomePage object at 0x000001D75AC8C2E8>.New_workorder\nE        +      where <PageObjects.home_page.HomePage object at 0x000001D75AC8C2E8> = HomePage(<selenium.webdriver.chrome.webdriver.WebDriver (session=\"65bf35259dda3d93c1d889272c740c5d\")>)\n\nTestCases\\OrderMode\\test_order.py:20: AssertionError",
  "flaky" : false,
  "newFailed" : false,
  "beforeStages" : [ {
    "name" : "init",
    "time" : {
      "start" : 1599018428137,
      "stop" : 1599018428137,
      "duration" : 0
    },
    "status" : "passed",
    "steps" : [ ],
    "attachments" : [ ],
    "parameters" : [ ],
    "stepsCount" : 0,
    "hasContent" : false,
    "shouldDisplayMessage" : false,
    "attachmentsCount" : 0
  }, {
    "name" : "init_login",
    "time" : {
      "start" : 1599018419818,
      "stop" : 1599018428137,
      "duration" : 8319
    },
    "status" : "passed",
    "steps" : [ ],
    "attachments" : [ ],
    "parameters" : [ ],
    "stepsCount" : 0,
    "hasContent" : false,
    "shouldDisplayMessage" : false,
    "attachmentsCount" : 0
  }, {
    "name" : "init_driver",
    "time" : {
      "start" : 1599018399505,
      "stop" : 1599018419818,
      "duration" : 20313
    },
    "status" : "passed",
    "steps" : [ ],
    "attachments" : [ ],
    "parameters" : [ ],
    "stepsCount" : 0,
    "hasContent" : false,
    "shouldDisplayMessage" : false,
    "attachmentsCount" : 0
  } ],
  "testStage" : {
    "status" : "failed",
    "statusMessage" : "AssertionError: assert False\n +  where False = <bound method HomePage.New_workorder of <PageObjects.home_page.HomePage object at 0x000001D75AC8C2E8>>()\n +    where <bound method HomePage.New_workorder of <PageObjects.home_page.HomePage object at 0x000001D75AC8C2E8>> = <PageObjects.home_page.HomePage object at 0x000001D75AC8C2E8>.New_workorder\n +      where <PageObjects.home_page.HomePage object at 0x000001D75AC8C2E8> = HomePage(<selenium.webdriver.chrome.webdriver.WebDriver (session=\"65bf35259dda3d93c1d889272c740c5d\")>)",
    "statusTrace" : "self = <TestCases.OrderMode.test_order.Testorder object at 0x000001D75A37C048>\ninit = (<selenium.webdriver.chrome.webdriver.WebDriver (session=\"65bf35259dda3d93c1d889272c740c5d\")>, <PageObjects.order_page.OrderPage object at 0x000001D75AC8C0F0>)\n\n    @allure.title(\"测试用例名称：坐席新建工单\")\n    def test_order(self,init):\n        init[1].order()\n>       assert (HomePage(init[0]).New_workorder())\nE       assert False\nE        +  where False = <bound method HomePage.New_workorder of <PageObjects.home_page.HomePage object at 0x000001D75AC8C2E8>>()\nE        +    where <bound method HomePage.New_workorder of <PageObjects.home_page.HomePage object at 0x000001D75AC8C2E8>> = <PageObjects.home_page.HomePage object at 0x000001D75AC8C2E8>.New_workorder\nE        +      where <PageObjects.home_page.HomePage object at 0x000001D75AC8C2E8> = HomePage(<selenium.webdriver.chrome.webdriver.WebDriver (session=\"65bf35259dda3d93c1d889272c740c5d\")>)\n\nTestCases\\OrderMode\\test_order.py:20: AssertionError",
    "steps" : [ ],
    "attachments" : [ {
      "uid" : "421d41afa1300d79",
      "name" : "log",
      "source" : "421d41afa1300d79.txt",
      "type" : "text/plain",
      "size" : 1199
    } ],
    "parameters" : [ ],
    "stepsCount" : 0,
    "hasContent" : true,
    "shouldDisplayMessage" : true,
    "attachmentsCount" : 1
  },
  "afterStages" : [ {
    "name" : "init::0",
    "time" : {
      "start" : 1599018450033,
      "stop" : 1599018450033,
      "duration" : 0
    },
    "status" : "passed",
    "steps" : [ ],
    "attachments" : [ ],
    "parameters" : [ ],
    "stepsCount" : 0,
    "hasContent" : false,
    "shouldDisplayMessage" : false,
    "attachmentsCount" : 0
  }, {
    "name" : "init_login::0",
    "time" : {
      "start" : 1599018450037,
      "stop" : 1599018453357,
      "duration" : 3320
    },
    "status" : "passed",
    "steps" : [ ],
    "attachments" : [ ],
    "parameters" : [ ],
    "stepsCount" : 0,
    "hasContent" : false,
    "shouldDisplayMessage" : false,
    "attachmentsCount" : 0
  }, {
    "name" : "init_driver::0",
    "time" : {
      "start" : 1599018453359,
      "stop" : 1599018461481,
      "duration" : 8122
    },
    "status" : "passed",
    "steps" : [ ],
    "attachments" : [ ],
    "parameters" : [ ],
    "stepsCount" : 0,
    "hasContent" : false,
    "shouldDisplayMessage" : false,
    "attachmentsCount" : 0
  } ],
  "labels" : [ {
    "name" : "story",
    "value" : "测试用例小模块-工单案例"
  }, {
    "name" : "feature",
    "value" : "工单中心模块"
  }, {
    "name" : "tag",
    "value" : "@pytest.mark.usefixtures('init')"
  }, {
    "name" : "parentSuite",
    "value" : "TestCases.OrderMode"
  }, {
    "name" : "suite",
    "value" : "test_order"
  }, {
    "name" : "subSuite",
    "value" : "Testorder"
  }, {
    "name" : "host",
    "value" : "DESKTOP-4K88UKG"
  }, {
    "name" : "thread",
    "value" : "23436-MainThread"
  }, {
    "name" : "framework",
    "value" : "pytest"
  }, {
    "name" : "language",
    "value" : "cpython3"
  }, {
    "name" : "package",
    "value" : "TestCases.OrderMode.test_order"
  }, {
    "name" : "resultFormat",
    "value" : "allure2"
  } ],
  "parameters" : [ ],
  "links" : [ ],
  "hidden" : true,
  "retry" : true,
  "extra" : {
    "categories" : [ ],
    "tags" : [ "@pytest.mark.usefixtures('init')" ]
  },
  "source" : "454be56e36621d2d.json",
  "parameterValues" : [ ]
}