{
  "uid" : "47a71504f7860a6c",
  "name" : "测试用例名称：坐席新建工单",
  "fullName" : "TestCases.OrderMode.test_order.Testorder#test_order",
  "historyId" : "b5690c29e4f6cc2aac0c8d827887448f",
  "time" : {
    "start" : 1599031183324,
    "stop" : 1599031201276,
    "duration" : 17952
  },
  "status" : "failed",
  "statusMessage" : "AssertionError: assert False\n +  where False = <bound method HomePage.New_workorder of <PageObjects.home_page.HomePage object at 0x000001BC0F93BD68>>()\n +    where <bound method HomePage.New_workorder of <PageObjects.home_page.HomePage object at 0x000001BC0F93BD68>> = <PageObjects.home_page.HomePage object at 0x000001BC0F93BD68>.New_workorder\n +      where <PageObjects.home_page.HomePage object at 0x000001BC0F93BD68> = HomePage(<selenium.webdriver.chrome.webdriver.WebDriver (session=\"e449fa6978356ec297c484e4e34304ae\")>)",
  "statusTrace" : "self = <TestCases.OrderMode.test_order.Testorder object at 0x000001BC0F883240>\ninit = (<selenium.webdriver.chrome.webdriver.WebDriver (session=\"e449fa6978356ec297c484e4e34304ae\")>, <PageObjects.order_page.OrderPage object at 0x000001BC0F93BCC0>)\n\n    @allure.title(\"测试用例名称：坐席新建工单\")\n    def test_order(self,init):\n        init[1].order()\n>       assert (HomePage(init[0]).New_workorder())\nE       assert False\nE        +  where False = <bound method HomePage.New_workorder of <PageObjects.home_page.HomePage object at 0x000001BC0F93BD68>>()\nE        +    where <bound method HomePage.New_workorder of <PageObjects.home_page.HomePage object at 0x000001BC0F93BD68>> = <PageObjects.home_page.HomePage object at 0x000001BC0F93BD68>.New_workorder\nE        +      where <PageObjects.home_page.HomePage object at 0x000001BC0F93BD68> = HomePage(<selenium.webdriver.chrome.webdriver.WebDriver (session=\"e449fa6978356ec297c484e4e34304ae\")>)\n\nTestCases\\OrderMode\\test_order.py:20: AssertionError",
  "flaky" : false,
  "newFailed" : false,
  "beforeStages" : [ {
    "name" : "init_login",
    "time" : {
      "start" : 1599031161223,
      "stop" : 1599031183322,
      "duration" : 22099
    },
    "status" : "passed",
    "steps" : [ ],
    "attachments" : [ ],
    "parameters" : [ ],
    "stepsCount" : 0,
    "hasContent" : false,
    "shouldDisplayMessage" : false,
    "attachmentsCount" : 0
  }, {
    "name" : "init",
    "time" : {
      "start" : 1599031183322,
      "stop" : 1599031183323,
      "duration" : 1
    },
    "status" : "passed",
    "steps" : [ ],
    "attachments" : [ ],
    "parameters" : [ ],
    "stepsCount" : 0,
    "hasContent" : false,
    "shouldDisplayMessage" : false,
    "attachmentsCount" : 0
  }, {
    "name" : "init_driver",
    "time" : {
      "start" : 1599031148292,
      "stop" : 1599031161223,
      "duration" : 12931
    },
    "status" : "passed",
    "steps" : [ ],
    "attachments" : [ ],
    "parameters" : [ ],
    "stepsCount" : 0,
    "hasContent" : false,
    "shouldDisplayMessage" : false,
    "attachmentsCount" : 0
  } ],
  "testStage" : {
    "status" : "failed",
    "statusMessage" : "AssertionError: assert False\n +  where False = <bound method HomePage.New_workorder of <PageObjects.home_page.HomePage object at 0x000001BC0F93BD68>>()\n +    where <bound method HomePage.New_workorder of <PageObjects.home_page.HomePage object at 0x000001BC0F93BD68>> = <PageObjects.home_page.HomePage object at 0x000001BC0F93BD68>.New_workorder\n +      where <PageObjects.home_page.HomePage object at 0x000001BC0F93BD68> = HomePage(<selenium.webdriver.chrome.webdriver.WebDriver (session=\"e449fa6978356ec297c484e4e34304ae\")>)",
    "statusTrace" : "self = <TestCases.OrderMode.test_order.Testorder object at 0x000001BC0F883240>\ninit = (<selenium.webdriver.chrome.webdriver.WebDriver (session=\"e449fa6978356ec297c484e4e34304ae\")>, <PageObjects.order_page.OrderPage object at 0x000001BC0F93BCC0>)\n\n    @allure.title(\"测试用例名称：坐席新建工单\")\n    def test_order(self,init):\n        init[1].order()\n>       assert (HomePage(init[0]).New_workorder())\nE       assert False\nE        +  where False = <bound method HomePage.New_workorder of <PageObjects.home_page.HomePage object at 0x000001BC0F93BD68>>()\nE        +    where <bound method HomePage.New_workorder of <PageObjects.home_page.HomePage object at 0x000001BC0F93BD68>> = <PageObjects.home_page.HomePage object at 0x000001BC0F93BD68>.New_workorder\nE        +      where <PageObjects.home_page.HomePage object at 0x000001BC0F93BD68> = HomePage(<selenium.webdriver.chrome.webdriver.WebDriver (session=\"e449fa6978356ec297c484e4e34304ae\")>)\n\nTestCases\\OrderMode\\test_order.py:20: AssertionError",
    "steps" : [ ],
    "attachments" : [ {
      "uid" : "cce5ca3e034946dd",
      "name" : "log",
      "source" : "cce5ca3e034946dd.txt",
      "type" : "text/plain",
      "size" : 1199
    } ],
    "parameters" : [ ],
    "stepsCount" : 0,
    "hasContent" : true,
    "shouldDisplayMessage" : true,
    "attachmentsCount" : 1
  },
  "afterStages" : [ {
    "name" : "init_login::0",
    "time" : {
      "start" : 1599031201709,
      "stop" : 1599031205628,
      "duration" : 3919
    },
    "status" : "passed",
    "steps" : [ ],
    "attachments" : [ ],
    "parameters" : [ ],
    "stepsCount" : 0,
    "hasContent" : false,
    "shouldDisplayMessage" : false,
    "attachmentsCount" : 0
  }, {
    "name" : "init::0",
    "time" : {
      "start" : 1599031201601,
      "stop" : 1599031201601,
      "duration" : 0
    },
    "status" : "passed",
    "steps" : [ ],
    "attachments" : [ ],
    "parameters" : [ ],
    "stepsCount" : 0,
    "hasContent" : false,
    "shouldDisplayMessage" : false,
    "attachmentsCount" : 0
  }, {
    "name" : "init_driver::0",
    "time" : {
      "start" : 1599031205633,
      "stop" : 1599031213714,
      "duration" : 8081
    },
    "status" : "passed",
    "steps" : [ ],
    "attachments" : [ ],
    "parameters" : [ ],
    "stepsCount" : 0,
    "hasContent" : false,
    "shouldDisplayMessage" : false,
    "attachmentsCount" : 0
  } ],
  "labels" : [ {
    "name" : "story",
    "value" : "测试用例小模块-工单案例"
  }, {
    "name" : "feature",
    "value" : "工单中心模块"
  }, {
    "name" : "tag",
    "value" : "@pytest.mark.usefixtures('init')"
  }, {
    "name" : "parentSuite",
    "value" : "TestCases.OrderMode"
  }, {
    "name" : "suite",
    "value" : "test_order"
  }, {
    "name" : "subSuite",
    "value" : "Testorder"
  }, {
    "name" : "host",
    "value" : "DESKTOP-4K88UKG"
  }, {
    "name" : "thread",
    "value" : "22152-MainThread"
  }, {
    "name" : "framework",
    "value" : "pytest"
  }, {
    "name" : "language",
    "value" : "cpython3"
  }, {
    "name" : "package",
    "value" : "TestCases.OrderMode.test_order"
  }, {
    "name" : "resultFormat",
    "value" : "allure2"
  } ],
  "parameters" : [ ],
  "links" : [ ],
  "hidden" : true,
  "retry" : true,
  "extra" : {
    "categories" : [ ],
    "tags" : [ "@pytest.mark.usefixtures('init')" ]
  },
  "source" : "47a71504f7860a6c.json",
  "parameterValues" : [ ]
}