{
  "uid" : "489e02c5ecc4ac4b",
  "name" : "test_order",
  "fullName" : "TestCases.OrderMode.test_order.Testorder#test_order",
  "historyId" : "b5690c29e4f6cc2aac0c8d827887448f",
  "time" : {
    "start" : 1598853751602,
    "stop" : 1598853769466,
    "duration" : 17864
  },
  "status" : "failed",
  "statusMessage" : "AssertionError: assert False\n +  where False = <bound method HomePage.New_workorder of <PageObjects.home_page.HomePage object at 0x000001E6AEDE5FD0>>()\n +    where <bound method HomePage.New_workorder of <PageObjects.home_page.HomePage object at 0x000001E6AEDE5FD0>> = <PageObjects.home_page.HomePage object at 0x000001E6AEDE5FD0>.New_workorder\n +      where <PageObjects.home_page.HomePage object at 0x000001E6AEDE5FD0> = HomePage(<selenium.webdriver.chrome.webdriver.WebDriver (session=\"29550be0a4cfcb81c3804883c3b12680\")>)",
  "statusTrace" : "self = <TestCases.OrderMode.test_order.Testorder object at 0x000001E6AECF5F98>\ninit = (<selenium.webdriver.chrome.webdriver.WebDriver (session=\"29550be0a4cfcb81c3804883c3b12680\")>, <PageObjects.order_page.OrderPage object at 0x000001E6AEDE5D30>)\n\n    def test_order(self,init):\n        init[1].order()\n>       assert (HomePage(init[0]).New_workorder())\nE       assert False\nE        +  where False = <bound method HomePage.New_workorder of <PageObjects.home_page.HomePage object at 0x000001E6AEDE5FD0>>()\nE        +    where <bound method HomePage.New_workorder of <PageObjects.home_page.HomePage object at 0x000001E6AEDE5FD0>> = <PageObjects.home_page.HomePage object at 0x000001E6AEDE5FD0>.New_workorder\nE        +      where <PageObjects.home_page.HomePage object at 0x000001E6AEDE5FD0> = HomePage(<selenium.webdriver.chrome.webdriver.WebDriver (session=\"29550be0a4cfcb81c3804883c3b12680\")>)\n\nTestCases\\OrderMode\\test_order.py:18: AssertionError",
  "flaky" : false,
  "newFailed" : false,
  "beforeStages" : [ {
    "name" : "init_login",
    "time" : {
      "start" : 1598853750768,
      "stop" : 1598853751600,
      "duration" : 832
    },
    "status" : "passed",
    "steps" : [ ],
    "attachments" : [ ],
    "parameters" : [ ],
    "stepsCount" : 0,
    "hasContent" : false,
    "shouldDisplayMessage" : false,
    "attachmentsCount" : 0
  }, {
    "name" : "init_driver",
    "time" : {
      "start" : 1598853742145,
      "stop" : 1598853750768,
      "duration" : 8623
    },
    "status" : "passed",
    "steps" : [ ],
    "attachments" : [ ],
    "parameters" : [ ],
    "stepsCount" : 0,
    "hasContent" : false,
    "shouldDisplayMessage" : false,
    "attachmentsCount" : 0
  }, {
    "name" : "init",
    "time" : {
      "start" : 1598853751601,
      "stop" : 1598853751601,
      "duration" : 0
    },
    "status" : "passed",
    "steps" : [ ],
    "attachments" : [ ],
    "parameters" : [ ],
    "stepsCount" : 0,
    "hasContent" : false,
    "shouldDisplayMessage" : false,
    "attachmentsCount" : 0
  } ],
  "testStage" : {
    "status" : "failed",
    "statusMessage" : "AssertionError: assert False\n +  where False = <bound method HomePage.New_workorder of <PageObjects.home_page.HomePage object at 0x000001E6AEDE5FD0>>()\n +    where <bound method HomePage.New_workorder of <PageObjects.home_page.HomePage object at 0x000001E6AEDE5FD0>> = <PageObjects.home_page.HomePage object at 0x000001E6AEDE5FD0>.New_workorder\n +      where <PageObjects.home_page.HomePage object at 0x000001E6AEDE5FD0> = HomePage(<selenium.webdriver.chrome.webdriver.WebDriver (session=\"29550be0a4cfcb81c3804883c3b12680\")>)",
    "statusTrace" : "self = <TestCases.OrderMode.test_order.Testorder object at 0x000001E6AECF5F98>\ninit = (<selenium.webdriver.chrome.webdriver.WebDriver (session=\"29550be0a4cfcb81c3804883c3b12680\")>, <PageObjects.order_page.OrderPage object at 0x000001E6AEDE5D30>)\n\n    def test_order(self,init):\n        init[1].order()\n>       assert (HomePage(init[0]).New_workorder())\nE       assert False\nE        +  where False = <bound method HomePage.New_workorder of <PageObjects.home_page.HomePage object at 0x000001E6AEDE5FD0>>()\nE        +    where <bound method HomePage.New_workorder of <PageObjects.home_page.HomePage object at 0x000001E6AEDE5FD0>> = <PageObjects.home_page.HomePage object at 0x000001E6AEDE5FD0>.New_workorder\nE        +      where <PageObjects.home_page.HomePage object at 0x000001E6AEDE5FD0> = HomePage(<selenium.webdriver.chrome.webdriver.WebDriver (session=\"29550be0a4cfcb81c3804883c3b12680\")>)\n\nTestCases\\OrderMode\\test_order.py:18: AssertionError",
    "steps" : [ ],
    "attachments" : [ {
      "uid" : "eb3932404c9d957f",
      "name" : "log",
      "source" : "eb3932404c9d957f.txt",
      "type" : "text/plain",
      "size" : 1199
    } ],
    "parameters" : [ ],
    "stepsCount" : 0,
    "hasContent" : true,
    "shouldDisplayMessage" : true,
    "attachmentsCount" : 1
  },
  "afterStages" : [ {
    "name" : "init_login::0",
    "time" : {
      "start" : 1598853769542,
      "stop" : 1598853772173,
      "duration" : 2631
    },
    "status" : "passed",
    "steps" : [ ],
    "attachments" : [ ],
    "parameters" : [ ],
    "stepsCount" : 0,
    "hasContent" : false,
    "shouldDisplayMessage" : false,
    "attachmentsCount" : 0
  }, {
    "name" : "init_driver::0",
    "time" : {
      "start" : 1598853772175,
      "stop" : 1598853780280,
      "duration" : 8105
    },
    "status" : "passed",
    "steps" : [ ],
    "attachments" : [ ],
    "parameters" : [ ],
    "stepsCount" : 0,
    "hasContent" : false,
    "shouldDisplayMessage" : false,
    "attachmentsCount" : 0
  }, {
    "name" : "init::0",
    "time" : {
      "start" : 1598853769539,
      "stop" : 1598853769539,
      "duration" : 0
    },
    "status" : "passed",
    "steps" : [ ],
    "attachments" : [ ],
    "parameters" : [ ],
    "stepsCount" : 0,
    "hasContent" : false,
    "shouldDisplayMessage" : false,
    "attachmentsCount" : 0
  } ],
  "labels" : [ {
    "name" : "tag",
    "value" : "@pytest.mark.usefixtures('init')"
  }, {
    "name" : "parentSuite",
    "value" : "TestCases.OrderMode"
  }, {
    "name" : "suite",
    "value" : "test_order"
  }, {
    "name" : "subSuite",
    "value" : "Testorder"
  }, {
    "name" : "host",
    "value" : "DESKTOP-4K88UKG"
  }, {
    "name" : "thread",
    "value" : "4284-MainThread"
  }, {
    "name" : "framework",
    "value" : "pytest"
  }, {
    "name" : "language",
    "value" : "cpython3"
  }, {
    "name" : "package",
    "value" : "TestCases.OrderMode.test_order"
  }, {
    "name" : "resultFormat",
    "value" : "allure2"
  } ],
  "parameters" : [ ],
  "links" : [ ],
  "hidden" : true,
  "retry" : true,
  "extra" : {
    "categories" : [ ],
    "tags" : [ "@pytest.mark.usefixtures('init')" ]
  },
  "source" : "489e02c5ecc4ac4b.json",
  "parameterValues" : [ ]
}