{
  "uid" : "5a5774f74a8b6ebd",
  "name" : "测试用例名称：坐席新建工单",
  "fullName" : "TestCases.OrderMode.test_order.Testorder#test_order",
  "historyId" : "b5690c29e4f6cc2aac0c8d827887448f",
  "time" : {
    "start" : 1599034881586,
    "stop" : 1599034902056,
    "duration" : 20470
  },
  "status" : "failed",
  "statusMessage" : "AssertionError: assert False\n +  where False = <bound method HomePage.New_workorder of <PageObjects.home_page.HomePage object at 0x000001FC7E217978>>()\n +    where <bound method HomePage.New_workorder of <PageObjects.home_page.HomePage object at 0x000001FC7E217978>> = <PageObjects.home_page.HomePage object at 0x000001FC7E217978>.New_workorder\n +      where <PageObjects.home_page.HomePage object at 0x000001FC7E217978> = HomePage(<selenium.webdriver.chrome.webdriver.WebDriver (session=\"c22dbd304f9488e1e973bbfcbc6b5dc6\")>)",
  "statusTrace" : "self = <TestCases.OrderMode.test_order.Testorder object at 0x000001FC7E160A90>\ninit = (<selenium.webdriver.chrome.webdriver.WebDriver (session=\"c22dbd304f9488e1e973bbfcbc6b5dc6\")>, <PageObjects.order_page.OrderPage object at 0x000001FC7E2176D8>)\n\n    @allure.title(\"测试用例名称：坐席新建工单\")\n    def test_order(self,init):\n        init[1].order()\n>       assert (HomePage(init[0]).New_workorder())\nE       assert False\nE        +  where False = <bound method HomePage.New_workorder of <PageObjects.home_page.HomePage object at 0x000001FC7E217978>>()\nE        +    where <bound method HomePage.New_workorder of <PageObjects.home_page.HomePage object at 0x000001FC7E217978>> = <PageObjects.home_page.HomePage object at 0x000001FC7E217978>.New_workorder\nE        +      where <PageObjects.home_page.HomePage object at 0x000001FC7E217978> = HomePage(<selenium.webdriver.chrome.webdriver.WebDriver (session=\"c22dbd304f9488e1e973bbfcbc6b5dc6\")>)\n\nTestCases\\OrderMode\\test_order.py:20: AssertionError",
  "flaky" : false,
  "newFailed" : false,
  "beforeStages" : [ {
    "name" : "init_driver",
    "time" : {
      "start" : 1599034871946,
      "stop" : 1599034880711,
      "duration" : 8765
    },
    "status" : "passed",
    "steps" : [ ],
    "attachments" : [ ],
    "parameters" : [ ],
    "stepsCount" : 0,
    "hasContent" : false,
    "shouldDisplayMessage" : false,
    "attachmentsCount" : 0
  }, {
    "name" : "init_login",
    "time" : {
      "start" : 1599034880711,
      "stop" : 1599034881585,
      "duration" : 874
    },
    "status" : "passed",
    "steps" : [ ],
    "attachments" : [ ],
    "parameters" : [ ],
    "stepsCount" : 0,
    "hasContent" : false,
    "shouldDisplayMessage" : false,
    "attachmentsCount" : 0
  }, {
    "name" : "init",
    "time" : {
      "start" : 1599034881586,
      "stop" : 1599034881586,
      "duration" : 0
    },
    "status" : "passed",
    "steps" : [ ],
    "attachments" : [ ],
    "parameters" : [ ],
    "stepsCount" : 0,
    "hasContent" : false,
    "shouldDisplayMessage" : false,
    "attachmentsCount" : 0
  } ],
  "testStage" : {
    "status" : "failed",
    "statusMessage" : "AssertionError: assert False\n +  where False = <bound method HomePage.New_workorder of <PageObjects.home_page.HomePage object at 0x000001FC7E217978>>()\n +    where <bound method HomePage.New_workorder of <PageObjects.home_page.HomePage object at 0x000001FC7E217978>> = <PageObjects.home_page.HomePage object at 0x000001FC7E217978>.New_workorder\n +      where <PageObjects.home_page.HomePage object at 0x000001FC7E217978> = HomePage(<selenium.webdriver.chrome.webdriver.WebDriver (session=\"c22dbd304f9488e1e973bbfcbc6b5dc6\")>)",
    "statusTrace" : "self = <TestCases.OrderMode.test_order.Testorder object at 0x000001FC7E160A90>\ninit = (<selenium.webdriver.chrome.webdriver.WebDriver (session=\"c22dbd304f9488e1e973bbfcbc6b5dc6\")>, <PageObjects.order_page.OrderPage object at 0x000001FC7E2176D8>)\n\n    @allure.title(\"测试用例名称：坐席新建工单\")\n    def test_order(self,init):\n        init[1].order()\n>       assert (HomePage(init[0]).New_workorder())\nE       assert False\nE        +  where False = <bound method HomePage.New_workorder of <PageObjects.home_page.HomePage object at 0x000001FC7E217978>>()\nE        +    where <bound method HomePage.New_workorder of <PageObjects.home_page.HomePage object at 0x000001FC7E217978>> = <PageObjects.home_page.HomePage object at 0x000001FC7E217978>.New_workorder\nE        +      where <PageObjects.home_page.HomePage object at 0x000001FC7E217978> = HomePage(<selenium.webdriver.chrome.webdriver.WebDriver (session=\"c22dbd304f9488e1e973bbfcbc6b5dc6\")>)\n\nTestCases\\OrderMode\\test_order.py:20: AssertionError",
    "steps" : [ ],
    "attachments" : [ {
      "uid" : "953f1c43e12c8de0",
      "name" : "log",
      "source" : "953f1c43e12c8de0.txt",
      "type" : "text/plain",
      "size" : 1199
    } ],
    "parameters" : [ ],
    "stepsCount" : 0,
    "hasContent" : true,
    "shouldDisplayMessage" : true,
    "attachmentsCount" : 1
  },
  "afterStages" : [ {
    "name" : "init_driver::0",
    "time" : {
      "start" : 1599034905243,
      "stop" : 1599034913374,
      "duration" : 8131
    },
    "status" : "passed",
    "steps" : [ ],
    "attachments" : [ ],
    "parameters" : [ ],
    "stepsCount" : 0,
    "hasContent" : false,
    "shouldDisplayMessage" : false,
    "attachmentsCount" : 0
  }, {
    "name" : "init_login::0",
    "time" : {
      "start" : 1599034902146,
      "stop" : 1599034905240,
      "duration" : 3094
    },
    "status" : "passed",
    "steps" : [ ],
    "attachments" : [ ],
    "parameters" : [ ],
    "stepsCount" : 0,
    "hasContent" : false,
    "shouldDisplayMessage" : false,
    "attachmentsCount" : 0
  }, {
    "name" : "init::0",
    "time" : {
      "start" : 1599034902144,
      "stop" : 1599034902144,
      "duration" : 0
    },
    "status" : "passed",
    "steps" : [ ],
    "attachments" : [ ],
    "parameters" : [ ],
    "stepsCount" : 0,
    "hasContent" : false,
    "shouldDisplayMessage" : false,
    "attachmentsCount" : 0
  } ],
  "labels" : [ {
    "name" : "story",
    "value" : "测试用例小模块-工单案例"
  }, {
    "name" : "feature",
    "value" : "工单中心模块"
  }, {
    "name" : "tag",
    "value" : "@pytest.mark.usefixtures('init')"
  }, {
    "name" : "parentSuite",
    "value" : "TestCases.OrderMode"
  }, {
    "name" : "suite",
    "value" : "test_order"
  }, {
    "name" : "subSuite",
    "value" : "Testorder"
  }, {
    "name" : "host",
    "value" : "DESKTOP-4K88UKG"
  }, {
    "name" : "thread",
    "value" : "20684-MainThread"
  }, {
    "name" : "framework",
    "value" : "pytest"
  }, {
    "name" : "language",
    "value" : "cpython3"
  }, {
    "name" : "package",
    "value" : "TestCases.OrderMode.test_order"
  }, {
    "name" : "resultFormat",
    "value" : "allure2"
  } ],
  "parameters" : [ ],
  "links" : [ ],
  "hidden" : true,
  "retry" : true,
  "extra" : {
    "categories" : [ ],
    "tags" : [ "@pytest.mark.usefixtures('init')" ]
  },
  "source" : "5a5774f74a8b6ebd.json",
  "parameterValues" : [ ]
}