{
  "uid" : "73fe721f155bd911",
  "name" : "test_order",
  "fullName" : "TestCases.OrderMode.test_order.Testorder#test_order",
  "historyId" : "b5690c29e4f6cc2aac0c8d827887448f",
  "time" : {
    "start" : 1598860703573,
    "stop" : 1598860723780,
    "duration" : 20207
  },
  "status" : "failed",
  "statusMessage" : "AssertionError: assert False\n +  where False = <bound method HomePage.New_workorder of <PageObjects.home_page.HomePage object at 0x000001E74FA594A8>>()\n +    where <bound method HomePage.New_workorder of <PageObjects.home_page.HomePage object at 0x000001E74FA594A8>> = <PageObjects.home_page.HomePage object at 0x000001E74FA594A8>.New_workorder\n +      where <PageObjects.home_page.HomePage object at 0x000001E74FA594A8> = HomePage(<selenium.webdriver.chrome.webdriver.WebDriver (session=\"552202599e5348d991c648806c8654d9\")>)",
  "statusTrace" : "self = <TestCases.OrderMode.test_order.Testorder object at 0x000001E74F9AD160>\ninit = (<selenium.webdriver.chrome.webdriver.WebDriver (session=\"552202599e5348d991c648806c8654d9\")>, <PageObjects.order_page.OrderPage object at 0x000001E74FA44DD8>)\n\n    def test_order(self,init):\n        init[1].order()\n>       assert (HomePage(init[0]).New_workorder())\nE       assert False\nE        +  where False = <bound method HomePage.New_workorder of <PageObjects.home_page.HomePage object at 0x000001E74FA594A8>>()\nE        +    where <bound method HomePage.New_workorder of <PageObjects.home_page.HomePage object at 0x000001E74FA594A8>> = <PageObjects.home_page.HomePage object at 0x000001E74FA594A8>.New_workorder\nE        +      where <PageObjects.home_page.HomePage object at 0x000001E74FA594A8> = HomePage(<selenium.webdriver.chrome.webdriver.WebDriver (session=\"552202599e5348d991c648806c8654d9\")>)\n\nTestCases\\OrderMode\\test_order.py:18: AssertionError",
  "flaky" : false,
  "newFailed" : false,
  "beforeStages" : [ {
    "name" : "init_login",
    "time" : {
      "start" : 1598860702915,
      "stop" : 1598860703572,
      "duration" : 657
    },
    "status" : "passed",
    "steps" : [ ],
    "attachments" : [ ],
    "parameters" : [ ],
    "stepsCount" : 0,
    "hasContent" : false,
    "shouldDisplayMessage" : false,
    "attachmentsCount" : 0
  }, {
    "name" : "init_driver",
    "time" : {
      "start" : 1598860692934,
      "stop" : 1598860702914,
      "duration" : 9980
    },
    "status" : "passed",
    "steps" : [ ],
    "attachments" : [ ],
    "parameters" : [ ],
    "stepsCount" : 0,
    "hasContent" : false,
    "shouldDisplayMessage" : false,
    "attachmentsCount" : 0
  }, {
    "name" : "init",
    "time" : {
      "start" : 1598860703572,
      "stop" : 1598860703572,
      "duration" : 0
    },
    "status" : "passed",
    "steps" : [ ],
    "attachments" : [ ],
    "parameters" : [ ],
    "stepsCount" : 0,
    "hasContent" : false,
    "shouldDisplayMessage" : false,
    "attachmentsCount" : 0
  } ],
  "testStage" : {
    "status" : "failed",
    "statusMessage" : "AssertionError: assert False\n +  where False = <bound method HomePage.New_workorder of <PageObjects.home_page.HomePage object at 0x000001E74FA594A8>>()\n +    where <bound method HomePage.New_workorder of <PageObjects.home_page.HomePage object at 0x000001E74FA594A8>> = <PageObjects.home_page.HomePage object at 0x000001E74FA594A8>.New_workorder\n +      where <PageObjects.home_page.HomePage object at 0x000001E74FA594A8> = HomePage(<selenium.webdriver.chrome.webdriver.WebDriver (session=\"552202599e5348d991c648806c8654d9\")>)",
    "statusTrace" : "self = <TestCases.OrderMode.test_order.Testorder object at 0x000001E74F9AD160>\ninit = (<selenium.webdriver.chrome.webdriver.WebDriver (session=\"552202599e5348d991c648806c8654d9\")>, <PageObjects.order_page.OrderPage object at 0x000001E74FA44DD8>)\n\n    def test_order(self,init):\n        init[1].order()\n>       assert (HomePage(init[0]).New_workorder())\nE       assert False\nE        +  where False = <bound method HomePage.New_workorder of <PageObjects.home_page.HomePage object at 0x000001E74FA594A8>>()\nE        +    where <bound method HomePage.New_workorder of <PageObjects.home_page.HomePage object at 0x000001E74FA594A8>> = <PageObjects.home_page.HomePage object at 0x000001E74FA594A8>.New_workorder\nE        +      where <PageObjects.home_page.HomePage object at 0x000001E74FA594A8> = HomePage(<selenium.webdriver.chrome.webdriver.WebDriver (session=\"552202599e5348d991c648806c8654d9\")>)\n\nTestCases\\OrderMode\\test_order.py:18: AssertionError",
    "steps" : [ ],
    "attachments" : [ {
      "uid" : "e36fa9797cb72620",
      "name" : "log",
      "source" : "e36fa9797cb72620.txt",
      "type" : "text/plain",
      "size" : 1199
    } ],
    "parameters" : [ ],
    "stepsCount" : 0,
    "hasContent" : true,
    "shouldDisplayMessage" : true,
    "attachmentsCount" : 1
  },
  "afterStages" : [ {
    "name" : "init_login::0",
    "time" : {
      "start" : 1598860723848,
      "stop" : 1598860726271,
      "duration" : 2423
    },
    "status" : "passed",
    "steps" : [ ],
    "attachments" : [ ],
    "parameters" : [ ],
    "stepsCount" : 0,
    "hasContent" : false,
    "shouldDisplayMessage" : false,
    "attachmentsCount" : 0
  }, {
    "name" : "init_driver::0",
    "time" : {
      "start" : 1598860726273,
      "stop" : 1598860734365,
      "duration" : 8092
    },
    "status" : "passed",
    "steps" : [ ],
    "attachments" : [ ],
    "parameters" : [ ],
    "stepsCount" : 0,
    "hasContent" : false,
    "shouldDisplayMessage" : false,
    "attachmentsCount" : 0
  }, {
    "name" : "init::0",
    "time" : {
      "start" : 1598860723847,
      "stop" : 1598860723847,
      "duration" : 0
    },
    "status" : "passed",
    "steps" : [ ],
    "attachments" : [ ],
    "parameters" : [ ],
    "stepsCount" : 0,
    "hasContent" : false,
    "shouldDisplayMessage" : false,
    "attachmentsCount" : 0
  } ],
  "labels" : [ {
    "name" : "tag",
    "value" : "@pytest.mark.usefixtures('init')"
  }, {
    "name" : "parentSuite",
    "value" : "TestCases.OrderMode"
  }, {
    "name" : "suite",
    "value" : "test_order"
  }, {
    "name" : "subSuite",
    "value" : "Testorder"
  }, {
    "name" : "host",
    "value" : "DESKTOP-4K88UKG"
  }, {
    "name" : "thread",
    "value" : "14664-MainThread"
  }, {
    "name" : "framework",
    "value" : "pytest"
  }, {
    "name" : "language",
    "value" : "cpython3"
  }, {
    "name" : "package",
    "value" : "TestCases.OrderMode.test_order"
  }, {
    "name" : "resultFormat",
    "value" : "allure2"
  } ],
  "parameters" : [ ],
  "links" : [ ],
  "hidden" : true,
  "retry" : true,
  "extra" : {
    "categories" : [ ],
    "tags" : [ "@pytest.mark.usefixtures('init')" ]
  },
  "source" : "73fe721f155bd911.json",
  "parameterValues" : [ ]
}