{
  "uid" : "8014fadbb0656cd5",
  "name" : "test_order",
  "fullName" : "TestCases.OrderMode.test_order.Testorder#test_order",
  "historyId" : "b5690c29e4f6cc2aac0c8d827887448f",
  "time" : {
    "start" : 1598861125991,
    "stop" : 1598861144347,
    "duration" : 18356
  },
  "status" : "failed",
  "statusMessage" : "AssertionError: assert False\n +  where False = <bound method HomePage.New_workorder of <PageObjects.home_page.HomePage object at 0x00000273087E0C50>>()\n +    where <bound method HomePage.New_workorder of <PageObjects.home_page.HomePage object at 0x00000273087E0C50>> = <PageObjects.home_page.HomePage object at 0x00000273087E0C50>.New_workorder\n +      where <PageObjects.home_page.HomePage object at 0x00000273087E0C50> = HomePage(<selenium.webdriver.chrome.webdriver.WebDriver (session=\"e7837f6a823023f001d813b871c8c2dc\")>)",
  "statusTrace" : "self = <TestCases.OrderMode.test_order.Testorder object at 0x00000273078FB8D0>\ninit = (<selenium.webdriver.chrome.webdriver.WebDriver (session=\"e7837f6a823023f001d813b871c8c2dc\")>, <PageObjects.order_page.OrderPage object at 0x00000273087E0828>)\n\n    def test_order(self,init):\n        init[1].order()\n>       assert (HomePage(init[0]).New_workorder())\nE       assert False\nE        +  where False = <bound method HomePage.New_workorder of <PageObjects.home_page.HomePage object at 0x00000273087E0C50>>()\nE        +    where <bound method HomePage.New_workorder of <PageObjects.home_page.HomePage object at 0x00000273087E0C50>> = <PageObjects.home_page.HomePage object at 0x00000273087E0C50>.New_workorder\nE        +      where <PageObjects.home_page.HomePage object at 0x00000273087E0C50> = HomePage(<selenium.webdriver.chrome.webdriver.WebDriver (session=\"e7837f6a823023f001d813b871c8c2dc\")>)\n\nTestCases\\OrderMode\\test_order.py:18: AssertionError",
  "flaky" : false,
  "newFailed" : false,
  "beforeStages" : [ {
    "name" : "init_login",
    "time" : {
      "start" : 1598861125457,
      "stop" : 1598861125990,
      "duration" : 533
    },
    "status" : "passed",
    "steps" : [ ],
    "attachments" : [ ],
    "parameters" : [ ],
    "stepsCount" : 0,
    "hasContent" : false,
    "shouldDisplayMessage" : false,
    "attachmentsCount" : 0
  }, {
    "name" : "init",
    "time" : {
      "start" : 1598861125990,
      "stop" : 1598861125990,
      "duration" : 0
    },
    "status" : "passed",
    "steps" : [ ],
    "attachments" : [ ],
    "parameters" : [ ],
    "stepsCount" : 0,
    "hasContent" : false,
    "shouldDisplayMessage" : false,
    "attachmentsCount" : 0
  }, {
    "name" : "init_driver",
    "time" : {
      "start" : 1598861118533,
      "stop" : 1598861125457,
      "duration" : 6924
    },
    "status" : "passed",
    "steps" : [ ],
    "attachments" : [ ],
    "parameters" : [ ],
    "stepsCount" : 0,
    "hasContent" : false,
    "shouldDisplayMessage" : false,
    "attachmentsCount" : 0
  } ],
  "testStage" : {
    "status" : "failed",
    "statusMessage" : "AssertionError: assert False\n +  where False = <bound method HomePage.New_workorder of <PageObjects.home_page.HomePage object at 0x00000273087E0C50>>()\n +    where <bound method HomePage.New_workorder of <PageObjects.home_page.HomePage object at 0x00000273087E0C50>> = <PageObjects.home_page.HomePage object at 0x00000273087E0C50>.New_workorder\n +      where <PageObjects.home_page.HomePage object at 0x00000273087E0C50> = HomePage(<selenium.webdriver.chrome.webdriver.WebDriver (session=\"e7837f6a823023f001d813b871c8c2dc\")>)",
    "statusTrace" : "self = <TestCases.OrderMode.test_order.Testorder object at 0x00000273078FB8D0>\ninit = (<selenium.webdriver.chrome.webdriver.WebDriver (session=\"e7837f6a823023f001d813b871c8c2dc\")>, <PageObjects.order_page.OrderPage object at 0x00000273087E0828>)\n\n    def test_order(self,init):\n        init[1].order()\n>       assert (HomePage(init[0]).New_workorder())\nE       assert False\nE        +  where False = <bound method HomePage.New_workorder of <PageObjects.home_page.HomePage object at 0x00000273087E0C50>>()\nE        +    where <bound method HomePage.New_workorder of <PageObjects.home_page.HomePage object at 0x00000273087E0C50>> = <PageObjects.home_page.HomePage object at 0x00000273087E0C50>.New_workorder\nE        +      where <PageObjects.home_page.HomePage object at 0x00000273087E0C50> = HomePage(<selenium.webdriver.chrome.webdriver.WebDriver (session=\"e7837f6a823023f001d813b871c8c2dc\")>)\n\nTestCases\\OrderMode\\test_order.py:18: AssertionError",
    "steps" : [ ],
    "attachments" : [ {
      "uid" : "f0d4b7089aeb4e4a",
      "name" : "log",
      "source" : "f0d4b7089aeb4e4a.txt",
      "type" : "text/plain",
      "size" : 1199
    } ],
    "parameters" : [ ],
    "stepsCount" : 0,
    "hasContent" : true,
    "shouldDisplayMessage" : true,
    "attachmentsCount" : 1
  },
  "afterStages" : [ {
    "name" : "init_login::0",
    "time" : {
      "start" : 1598861144422,
      "stop" : 1598861146783,
      "duration" : 2361
    },
    "status" : "passed",
    "steps" : [ ],
    "attachments" : [ ],
    "parameters" : [ ],
    "stepsCount" : 0,
    "hasContent" : false,
    "shouldDisplayMessage" : false,
    "attachmentsCount" : 0
  }, {
    "name" : "init::0",
    "time" : {
      "start" : 1598861144417,
      "stop" : 1598861144417,
      "duration" : 0
    },
    "status" : "passed",
    "steps" : [ ],
    "attachments" : [ ],
    "parameters" : [ ],
    "stepsCount" : 0,
    "hasContent" : false,
    "shouldDisplayMessage" : false,
    "attachmentsCount" : 0
  }, {
    "name" : "init_driver::0",
    "time" : {
      "start" : 1598861146786,
      "stop" : 1598861154888,
      "duration" : 8102
    },
    "status" : "passed",
    "steps" : [ ],
    "attachments" : [ ],
    "parameters" : [ ],
    "stepsCount" : 0,
    "hasContent" : false,
    "shouldDisplayMessage" : false,
    "attachmentsCount" : 0
  } ],
  "labels" : [ {
    "name" : "tag",
    "value" : "@pytest.mark.usefixtures('init')"
  }, {
    "name" : "parentSuite",
    "value" : "TestCases.OrderMode"
  }, {
    "name" : "suite",
    "value" : "test_order"
  }, {
    "name" : "subSuite",
    "value" : "Testorder"
  }, {
    "name" : "host",
    "value" : "DESKTOP-4K88UKG"
  }, {
    "name" : "thread",
    "value" : "2404-MainThread"
  }, {
    "name" : "framework",
    "value" : "pytest"
  }, {
    "name" : "language",
    "value" : "cpython3"
  }, {
    "name" : "package",
    "value" : "TestCases.OrderMode.test_order"
  }, {
    "name" : "resultFormat",
    "value" : "allure2"
  } ],
  "parameters" : [ ],
  "links" : [ ],
  "hidden" : true,
  "retry" : true,
  "extra" : {
    "categories" : [ ],
    "tags" : [ "@pytest.mark.usefixtures('init')" ]
  },
  "source" : "8014fadbb0656cd5.json",
  "parameterValues" : [ ]
}