{
  "uid" : "8dea223d735eeb2b",
  "name" : "测试用例名称：坐席新建工单",
  "fullName" : "TestCases.OrderMode.test_order.Testorder#test_order",
  "historyId" : "b5690c29e4f6cc2aac0c8d827887448f",
  "time" : {
    "start" : 1599029172865,
    "stop" : 1599029194809,
    "duration" : 21944
  },
  "status" : "failed",
  "statusMessage" : "AssertionError: assert False\n +  where False = <bound method HomePage.New_workorder of <PageObjects.home_page.HomePage object at 0x0000026E939944E0>>()\n +    where <bound method HomePage.New_workorder of <PageObjects.home_page.HomePage object at 0x0000026E939944E0>> = <PageObjects.home_page.HomePage object at 0x0000026E939944E0>.New_workorder\n +      where <PageObjects.home_page.HomePage object at 0x0000026E939944E0> = HomePage(<selenium.webdriver.chrome.webdriver.WebDriver (session=\"abc940b4c92baac3dc82ae5ae711aef6\")>)",
  "statusTrace" : "self = <TestCases.OrderMode.test_order.Testorder object at 0x0000026E938D56D8>\ninit = (<selenium.webdriver.chrome.webdriver.WebDriver (session=\"abc940b4c92baac3dc82ae5ae711aef6\")>, <PageObjects.order_page.OrderPage object at 0x0000026E93994128>)\n\n    @allure.title(\"测试用例名称：坐席新建工单\")\n    def test_order(self,init):\n        init[1].order()\n>       assert (HomePage(init[0]).New_workorder())\nE       assert False\nE        +  where False = <bound method HomePage.New_workorder of <PageObjects.home_page.HomePage object at 0x0000026E939944E0>>()\nE        +    where <bound method HomePage.New_workorder of <PageObjects.home_page.HomePage object at 0x0000026E939944E0>> = <PageObjects.home_page.HomePage object at 0x0000026E939944E0>.New_workorder\nE        +      where <PageObjects.home_page.HomePage object at 0x0000026E939944E0> = HomePage(<selenium.webdriver.chrome.webdriver.WebDriver (session=\"abc940b4c92baac3dc82ae5ae711aef6\")>)\n\nTestCases\\OrderMode\\test_order.py:20: AssertionError",
  "flaky" : false,
  "newFailed" : false,
  "beforeStages" : [ {
    "name" : "init_driver",
    "time" : {
      "start" : 1599029160357,
      "stop" : 1599029172137,
      "duration" : 11780
    },
    "status" : "passed",
    "steps" : [ ],
    "attachments" : [ ],
    "parameters" : [ ],
    "stepsCount" : 0,
    "hasContent" : false,
    "shouldDisplayMessage" : false,
    "attachmentsCount" : 0
  }, {
    "name" : "init",
    "time" : {
      "start" : 1599029172864,
      "stop" : 1599029172864,
      "duration" : 0
    },
    "status" : "passed",
    "steps" : [ ],
    "attachments" : [ ],
    "parameters" : [ ],
    "stepsCount" : 0,
    "hasContent" : false,
    "shouldDisplayMessage" : false,
    "attachmentsCount" : 0
  }, {
    "name" : "init_login",
    "time" : {
      "start" : 1599029172137,
      "stop" : 1599029172864,
      "duration" : 727
    },
    "status" : "passed",
    "steps" : [ ],
    "attachments" : [ ],
    "parameters" : [ ],
    "stepsCount" : 0,
    "hasContent" : false,
    "shouldDisplayMessage" : false,
    "attachmentsCount" : 0
  } ],
  "testStage" : {
    "status" : "failed",
    "statusMessage" : "AssertionError: assert False\n +  where False = <bound method HomePage.New_workorder of <PageObjects.home_page.HomePage object at 0x0000026E939944E0>>()\n +    where <bound method HomePage.New_workorder of <PageObjects.home_page.HomePage object at 0x0000026E939944E0>> = <PageObjects.home_page.HomePage object at 0x0000026E939944E0>.New_workorder\n +      where <PageObjects.home_page.HomePage object at 0x0000026E939944E0> = HomePage(<selenium.webdriver.chrome.webdriver.WebDriver (session=\"abc940b4c92baac3dc82ae5ae711aef6\")>)",
    "statusTrace" : "self = <TestCases.OrderMode.test_order.Testorder object at 0x0000026E938D56D8>\ninit = (<selenium.webdriver.chrome.webdriver.WebDriver (session=\"abc940b4c92baac3dc82ae5ae711aef6\")>, <PageObjects.order_page.OrderPage object at 0x0000026E93994128>)\n\n    @allure.title(\"测试用例名称：坐席新建工单\")\n    def test_order(self,init):\n        init[1].order()\n>       assert (HomePage(init[0]).New_workorder())\nE       assert False\nE        +  where False = <bound method HomePage.New_workorder of <PageObjects.home_page.HomePage object at 0x0000026E939944E0>>()\nE        +    where <bound method HomePage.New_workorder of <PageObjects.home_page.HomePage object at 0x0000026E939944E0>> = <PageObjects.home_page.HomePage object at 0x0000026E939944E0>.New_workorder\nE        +      where <PageObjects.home_page.HomePage object at 0x0000026E939944E0> = HomePage(<selenium.webdriver.chrome.webdriver.WebDriver (session=\"abc940b4c92baac3dc82ae5ae711aef6\")>)\n\nTestCases\\OrderMode\\test_order.py:20: AssertionError",
    "steps" : [ ],
    "attachments" : [ {
      "uid" : "76c76a84a2840674",
      "name" : "log",
      "source" : "76c76a84a2840674.txt",
      "type" : "text/plain",
      "size" : 1199
    } ],
    "parameters" : [ ],
    "stepsCount" : 0,
    "hasContent" : true,
    "shouldDisplayMessage" : true,
    "attachmentsCount" : 1
  },
  "afterStages" : [ {
    "name" : "init_driver::0",
    "time" : {
      "start" : 1599029197413,
      "stop" : 1599029205514,
      "duration" : 8101
    },
    "status" : "passed",
    "steps" : [ ],
    "attachments" : [ ],
    "parameters" : [ ],
    "stepsCount" : 0,
    "hasContent" : false,
    "shouldDisplayMessage" : false,
    "attachmentsCount" : 0
  }, {
    "name" : "init::0",
    "time" : {
      "start" : 1599029194882,
      "stop" : 1599029194882,
      "duration" : 0
    },
    "status" : "passed",
    "steps" : [ ],
    "attachments" : [ ],
    "parameters" : [ ],
    "stepsCount" : 0,
    "hasContent" : false,
    "shouldDisplayMessage" : false,
    "attachmentsCount" : 0
  }, {
    "name" : "init_login::0",
    "time" : {
      "start" : 1599029194884,
      "stop" : 1599029197411,
      "duration" : 2527
    },
    "status" : "passed",
    "steps" : [ ],
    "attachments" : [ ],
    "parameters" : [ ],
    "stepsCount" : 0,
    "hasContent" : false,
    "shouldDisplayMessage" : false,
    "attachmentsCount" : 0
  } ],
  "labels" : [ {
    "name" : "story",
    "value" : "测试用例小模块-工单案例"
  }, {
    "name" : "feature",
    "value" : "工单中心模块"
  }, {
    "name" : "tag",
    "value" : "@pytest.mark.usefixtures('init')"
  }, {
    "name" : "parentSuite",
    "value" : "TestCases.OrderMode"
  }, {
    "name" : "suite",
    "value" : "test_order"
  }, {
    "name" : "subSuite",
    "value" : "Testorder"
  }, {
    "name" : "host",
    "value" : "DESKTOP-4K88UKG"
  }, {
    "name" : "thread",
    "value" : "21436-MainThread"
  }, {
    "name" : "framework",
    "value" : "pytest"
  }, {
    "name" : "language",
    "value" : "cpython3"
  }, {
    "name" : "package",
    "value" : "TestCases.OrderMode.test_order"
  }, {
    "name" : "resultFormat",
    "value" : "allure2"
  } ],
  "parameters" : [ ],
  "links" : [ ],
  "hidden" : true,
  "retry" : true,
  "extra" : {
    "categories" : [ ],
    "tags" : [ "@pytest.mark.usefixtures('init')" ]
  },
  "source" : "8dea223d735eeb2b.json",
  "parameterValues" : [ ]
}