{
  "uid" : "9fdfb60d7281ceda",
  "name" : "test_order",
  "fullName" : "TestCases.OrderMode.test_order.Testorder#test_order",
  "historyId" : "b5690c29e4f6cc2aac0c8d827887448f",
  "time" : {
    "start" : 1598509762011,
    "stop" : 1598509780445,
    "duration" : 18434
  },
  "status" : "failed",
  "statusMessage" : "AssertionError: assert False\n +  where False = <bound method HomePage.New_workorder of <PageObjects.home_page.HomePage object at 0x00000293F0A84BA8>>()\n +    where <bound method HomePage.New_workorder of <PageObjects.home_page.HomePage object at 0x00000293F0A84BA8>> = <PageObjects.home_page.HomePage object at 0x00000293F0A84BA8>.New_workorder\n +      where <PageObjects.home_page.HomePage object at 0x00000293F0A84BA8> = HomePage(<selenium.webdriver.chrome.webdriver.WebDriver (session=\"99a35d323171468933e320fef6c7c96d\")>)",
  "statusTrace" : "self = <TestCases.OrderMode.test_order.Testorder object at 0x00000293F0AE6748>\ninit = (<selenium.webdriver.chrome.webdriver.WebDriver (session=\"99a35d323171468933e320fef6c7c96d\")>, <PageObjects.order_page.OrderPage object at 0x00000293F0B72A20>)\n\n    def test_order(self,init):\n        init[1].order()\n>       assert (HomePage(init[0]).New_workorder())\nE       assert False\nE        +  where False = <bound method HomePage.New_workorder of <PageObjects.home_page.HomePage object at 0x00000293F0A84BA8>>()\nE        +    where <bound method HomePage.New_workorder of <PageObjects.home_page.HomePage object at 0x00000293F0A84BA8>> = <PageObjects.home_page.HomePage object at 0x00000293F0A84BA8>.New_workorder\nE        +      where <PageObjects.home_page.HomePage object at 0x00000293F0A84BA8> = HomePage(<selenium.webdriver.chrome.webdriver.WebDriver (session=\"99a35d323171468933e320fef6c7c96d\")>)\n\nTestCases\\OrderMode\\test_order.py:18: AssertionError",
  "flaky" : false,
  "newFailed" : false,
  "beforeStages" : [ {
    "name" : "init_driver",
    "time" : {
      "start" : 1598509753638,
      "stop" : 1598509761349,
      "duration" : 7711
    },
    "status" : "passed",
    "steps" : [ ],
    "attachments" : [ ],
    "parameters" : [ ],
    "stepsCount" : 0,
    "hasContent" : false,
    "shouldDisplayMessage" : false,
    "attachmentsCount" : 0
  }, {
    "name" : "init",
    "time" : {
      "start" : 1598509762010,
      "stop" : 1598509762010,
      "duration" : 0
    },
    "status" : "passed",
    "steps" : [ ],
    "attachments" : [ ],
    "parameters" : [ ],
    "stepsCount" : 0,
    "hasContent" : false,
    "shouldDisplayMessage" : false,
    "attachmentsCount" : 0
  }, {
    "name" : "init_login",
    "time" : {
      "start" : 1598509761350,
      "stop" : 1598509762010,
      "duration" : 660
    },
    "status" : "passed",
    "steps" : [ ],
    "attachments" : [ ],
    "parameters" : [ ],
    "stepsCount" : 0,
    "hasContent" : false,
    "shouldDisplayMessage" : false,
    "attachmentsCount" : 0
  } ],
  "testStage" : {
    "status" : "failed",
    "statusMessage" : "AssertionError: assert False\n +  where False = <bound method HomePage.New_workorder of <PageObjects.home_page.HomePage object at 0x00000293F0A84BA8>>()\n +    where <bound method HomePage.New_workorder of <PageObjects.home_page.HomePage object at 0x00000293F0A84BA8>> = <PageObjects.home_page.HomePage object at 0x00000293F0A84BA8>.New_workorder\n +      where <PageObjects.home_page.HomePage object at 0x00000293F0A84BA8> = HomePage(<selenium.webdriver.chrome.webdriver.WebDriver (session=\"99a35d323171468933e320fef6c7c96d\")>)",
    "statusTrace" : "self = <TestCases.OrderMode.test_order.Testorder object at 0x00000293F0AE6748>\ninit = (<selenium.webdriver.chrome.webdriver.WebDriver (session=\"99a35d323171468933e320fef6c7c96d\")>, <PageObjects.order_page.OrderPage object at 0x00000293F0B72A20>)\n\n    def test_order(self,init):\n        init[1].order()\n>       assert (HomePage(init[0]).New_workorder())\nE       assert False\nE        +  where False = <bound method HomePage.New_workorder of <PageObjects.home_page.HomePage object at 0x00000293F0A84BA8>>()\nE        +    where <bound method HomePage.New_workorder of <PageObjects.home_page.HomePage object at 0x00000293F0A84BA8>> = <PageObjects.home_page.HomePage object at 0x00000293F0A84BA8>.New_workorder\nE        +      where <PageObjects.home_page.HomePage object at 0x00000293F0A84BA8> = HomePage(<selenium.webdriver.chrome.webdriver.WebDriver (session=\"99a35d323171468933e320fef6c7c96d\")>)\n\nTestCases\\OrderMode\\test_order.py:18: AssertionError",
    "steps" : [ ],
    "attachments" : [ {
      "uid" : "7e285d2247eadc93",
      "name" : "log",
      "source" : "7e285d2247eadc93.txt",
      "type" : "text/plain",
      "size" : 1226
    } ],
    "parameters" : [ ],
    "stepsCount" : 0,
    "hasContent" : true,
    "shouldDisplayMessage" : true,
    "attachmentsCount" : 1
  },
  "afterStages" : [ {
    "name" : "init_driver::0",
    "time" : {
      "start" : 1598509783369,
      "stop" : 1598509791488,
      "duration" : 8119
    },
    "status" : "passed",
    "steps" : [ ],
    "attachments" : [ ],
    "parameters" : [ ],
    "stepsCount" : 0,
    "hasContent" : false,
    "shouldDisplayMessage" : false,
    "attachmentsCount" : 0
  }, {
    "name" : "init::0",
    "time" : {
      "start" : 1598509780559,
      "stop" : 1598509780559,
      "duration" : 0
    },
    "status" : "passed",
    "steps" : [ ],
    "attachments" : [ ],
    "parameters" : [ ],
    "stepsCount" : 0,
    "hasContent" : false,
    "shouldDisplayMessage" : false,
    "attachmentsCount" : 0
  }, {
    "name" : "init_login::0",
    "time" : {
      "start" : 1598509780562,
      "stop" : 1598509783367,
      "duration" : 2805
    },
    "status" : "passed",
    "steps" : [ ],
    "attachments" : [ ],
    "parameters" : [ ],
    "stepsCount" : 0,
    "hasContent" : false,
    "shouldDisplayMessage" : false,
    "attachmentsCount" : 0
  } ],
  "labels" : [ {
    "name" : "tag",
    "value" : "@pytest.mark.usefixtures('init')"
  }, {
    "name" : "parentSuite",
    "value" : "TestCases.OrderMode"
  }, {
    "name" : "suite",
    "value" : "test_order"
  }, {
    "name" : "subSuite",
    "value" : "Testorder"
  }, {
    "name" : "host",
    "value" : "DESKTOP-4K88UKG"
  }, {
    "name" : "thread",
    "value" : "6744-MainThread"
  }, {
    "name" : "framework",
    "value" : "pytest"
  }, {
    "name" : "language",
    "value" : "cpython3"
  }, {
    "name" : "package",
    "value" : "TestCases.OrderMode.test_order"
  }, {
    "name" : "resultFormat",
    "value" : "allure2"
  } ],
  "parameters" : [ ],
  "links" : [ ],
  "hidden" : true,
  "retry" : true,
  "extra" : {
    "categories" : [ ],
    "tags" : [ "@pytest.mark.usefixtures('init')" ]
  },
  "source" : "9fdfb60d7281ceda.json",
  "parameterValues" : [ ]
}