{
  "uid" : "a6f713d762ffa7ee",
  "name" : "测试用例名称：坐席新建工单",
  "fullName" : "TestCases.OrderMode.test_order.Testorder#test_order",
  "historyId" : "b5690c29e4f6cc2aac0c8d827887448f",
  "time" : {
    "start" : 1599029496577,
    "stop" : 1599029518710,
    "duration" : 22133
  },
  "status" : "failed",
  "statusMessage" : "AssertionError: assert False\n +  where False = <bound method HomePage.New_workorder of <PageObjects.home_page.HomePage object at 0x0000024A4D4849B0>>()\n +    where <bound method HomePage.New_workorder of <PageObjects.home_page.HomePage object at 0x0000024A4D4849B0>> = <PageObjects.home_page.HomePage object at 0x0000024A4D4849B0>.New_workorder\n +      where <PageObjects.home_page.HomePage object at 0x0000024A4D4849B0> = HomePage(<selenium.webdriver.chrome.webdriver.WebDriver (session=\"80a936503697948008c199dafc0bb884\")>)",
  "statusTrace" : "self = <TestCases.OrderMode.test_order.Testorder object at 0x0000024A4CB6C588>\ninit = (<selenium.webdriver.chrome.webdriver.WebDriver (session=\"80a936503697948008c199dafc0bb884\")>, <PageObjects.order_page.OrderPage object at 0x0000024A4D484828>)\n\n    @allure.title(\"测试用例名称：坐席新建工单\")\n    def test_order(self,init):\n        init[1].order()\n>       assert (HomePage(init[0]).New_workorder())\nE       assert False\nE        +  where False = <bound method HomePage.New_workorder of <PageObjects.home_page.HomePage object at 0x0000024A4D4849B0>>()\nE        +    where <bound method HomePage.New_workorder of <PageObjects.home_page.HomePage object at 0x0000024A4D4849B0>> = <PageObjects.home_page.HomePage object at 0x0000024A4D4849B0>.New_workorder\nE        +      where <PageObjects.home_page.HomePage object at 0x0000024A4D4849B0> = HomePage(<selenium.webdriver.chrome.webdriver.WebDriver (session=\"80a936503697948008c199dafc0bb884\")>)\n\nTestCases\\OrderMode\\test_order.py:20: AssertionError",
  "flaky" : false,
  "newFailed" : false,
  "beforeStages" : [ {
    "name" : "init",
    "time" : {
      "start" : 1599029496576,
      "stop" : 1599029496577,
      "duration" : 1
    },
    "status" : "passed",
    "steps" : [ ],
    "attachments" : [ ],
    "parameters" : [ ],
    "stepsCount" : 0,
    "hasContent" : false,
    "shouldDisplayMessage" : false,
    "attachmentsCount" : 0
  }, {
    "name" : "init_login",
    "time" : {
      "start" : 1599029494749,
      "stop" : 1599029496576,
      "duration" : 1827
    },
    "status" : "passed",
    "steps" : [ ],
    "attachments" : [ ],
    "parameters" : [ ],
    "stepsCount" : 0,
    "hasContent" : false,
    "shouldDisplayMessage" : false,
    "attachmentsCount" : 0
  }, {
    "name" : "init_driver",
    "time" : {
      "start" : 1599029482226,
      "stop" : 1599029494749,
      "duration" : 12523
    },
    "status" : "passed",
    "steps" : [ ],
    "attachments" : [ ],
    "parameters" : [ ],
    "stepsCount" : 0,
    "hasContent" : false,
    "shouldDisplayMessage" : false,
    "attachmentsCount" : 0
  } ],
  "testStage" : {
    "status" : "failed",
    "statusMessage" : "AssertionError: assert False\n +  where False = <bound method HomePage.New_workorder of <PageObjects.home_page.HomePage object at 0x0000024A4D4849B0>>()\n +    where <bound method HomePage.New_workorder of <PageObjects.home_page.HomePage object at 0x0000024A4D4849B0>> = <PageObjects.home_page.HomePage object at 0x0000024A4D4849B0>.New_workorder\n +      where <PageObjects.home_page.HomePage object at 0x0000024A4D4849B0> = HomePage(<selenium.webdriver.chrome.webdriver.WebDriver (session=\"80a936503697948008c199dafc0bb884\")>)",
    "statusTrace" : "self = <TestCases.OrderMode.test_order.Testorder object at 0x0000024A4CB6C588>\ninit = (<selenium.webdriver.chrome.webdriver.WebDriver (session=\"80a936503697948008c199dafc0bb884\")>, <PageObjects.order_page.OrderPage object at 0x0000024A4D484828>)\n\n    @allure.title(\"测试用例名称：坐席新建工单\")\n    def test_order(self,init):\n        init[1].order()\n>       assert (HomePage(init[0]).New_workorder())\nE       assert False\nE        +  where False = <bound method HomePage.New_workorder of <PageObjects.home_page.HomePage object at 0x0000024A4D4849B0>>()\nE        +    where <bound method HomePage.New_workorder of <PageObjects.home_page.HomePage object at 0x0000024A4D4849B0>> = <PageObjects.home_page.HomePage object at 0x0000024A4D4849B0>.New_workorder\nE        +      where <PageObjects.home_page.HomePage object at 0x0000024A4D4849B0> = HomePage(<selenium.webdriver.chrome.webdriver.WebDriver (session=\"80a936503697948008c199dafc0bb884\")>)\n\nTestCases\\OrderMode\\test_order.py:20: AssertionError",
    "steps" : [ ],
    "attachments" : [ {
      "uid" : "dbc4360fef86e142",
      "name" : "log",
      "source" : "dbc4360fef86e142.txt",
      "type" : "text/plain",
      "size" : 1199
    } ],
    "parameters" : [ ],
    "stepsCount" : 0,
    "hasContent" : true,
    "shouldDisplayMessage" : true,
    "attachmentsCount" : 1
  },
  "afterStages" : [ {
    "name" : "init::0",
    "time" : {
      "start" : 1599029518866,
      "stop" : 1599029518866,
      "duration" : 0
    },
    "status" : "passed",
    "steps" : [ ],
    "attachments" : [ ],
    "parameters" : [ ],
    "stepsCount" : 0,
    "hasContent" : false,
    "shouldDisplayMessage" : false,
    "attachmentsCount" : 0
  }, {
    "name" : "init_login::0",
    "time" : {
      "start" : 1599029518877,
      "stop" : 1599029522045,
      "duration" : 3168
    },
    "status" : "passed",
    "steps" : [ ],
    "attachments" : [ ],
    "parameters" : [ ],
    "stepsCount" : 0,
    "hasContent" : false,
    "shouldDisplayMessage" : false,
    "attachmentsCount" : 0
  }, {
    "name" : "init_driver::0",
    "time" : {
      "start" : 1599029522048,
      "stop" : 1599029530142,
      "duration" : 8094
    },
    "status" : "passed",
    "steps" : [ ],
    "attachments" : [ ],
    "parameters" : [ ],
    "stepsCount" : 0,
    "hasContent" : false,
    "shouldDisplayMessage" : false,
    "attachmentsCount" : 0
  } ],
  "labels" : [ {
    "name" : "story",
    "value" : "测试用例小模块-工单案例"
  }, {
    "name" : "feature",
    "value" : "工单中心模块"
  }, {
    "name" : "tag",
    "value" : "@pytest.mark.usefixtures('init')"
  }, {
    "name" : "parentSuite",
    "value" : "TestCases.OrderMode"
  }, {
    "name" : "suite",
    "value" : "test_order"
  }, {
    "name" : "subSuite",
    "value" : "Testorder"
  }, {
    "name" : "host",
    "value" : "DESKTOP-4K88UKG"
  }, {
    "name" : "thread",
    "value" : "13324-MainThread"
  }, {
    "name" : "framework",
    "value" : "pytest"
  }, {
    "name" : "language",
    "value" : "cpython3"
  }, {
    "name" : "package",
    "value" : "TestCases.OrderMode.test_order"
  }, {
    "name" : "resultFormat",
    "value" : "allure2"
  } ],
  "parameters" : [ ],
  "links" : [ ],
  "hidden" : true,
  "retry" : true,
  "extra" : {
    "categories" : [ ],
    "tags" : [ "@pytest.mark.usefixtures('init')" ]
  },
  "source" : "a6f713d762ffa7ee.json",
  "parameterValues" : [ ]
}